<?xml version="1.0" encoding="UTF-8"?>
<robot generator="Robot 5.0.1 (Python 3.10.5 on win32)" generated="20220725 18:40:01.456" rpa="false" schemaversion="3">
<suite id="s1" name="TC01" source="C:\Users\C287866\PycharmProjects\Demoproject\Onboarding_task\TC01.robot">
<test id="s1-t1" name="TestBucketname" line="12">
<kw name="Verify Bucket Exist" library="Boto3_s3_configuration">
<var>${bucket_status}</var>
<arg>${Bucket_name_prefix}</arg>
<msg timestamp="20220725 18:40:03.706" level="TRACE">Arguments: [ 'firstpythonbucket' ]</msg>
<msg timestamp="20220725 18:40:03.706" level="DEBUG">Event before-parameter-build.s3.ListBuckets: calling handler &lt;function validate_bucket_name at 0x000001BDA1C5F370&gt;</msg>
<msg timestamp="20220725 18:40:03.706" level="DEBUG">Event before-parameter-build.s3.ListBuckets: calling handler &lt;bound method S3RegionRedirector.redirect_from_cache of &lt;botocore.utils.S3RegionRedirector object at 0x000001BDA2D33D30&gt;&gt;</msg>
<msg timestamp="20220725 18:40:03.706" level="DEBUG">Event before-parameter-build.s3.ListBuckets: calling handler &lt;bound method S3ArnParamHandler.handle_arn of &lt;botocore.utils.S3ArnParamHandler object at 0x000001BDA2D33D00&gt;&gt;</msg>
<msg timestamp="20220725 18:40:03.707" level="DEBUG">Event before-parameter-build.s3.ListBuckets: calling handler &lt;function generate_idempotent_uuid at 0x000001BDA1C5F1C0&gt;</msg>
<msg timestamp="20220725 18:40:03.707" level="DEBUG">Event before-call.s3.ListBuckets: calling handler &lt;function add_expect_header at 0x000001BDA1C5F6D0&gt;</msg>
<msg timestamp="20220725 18:40:03.707" level="DEBUG">Event before-call.s3.ListBuckets: calling handler &lt;bound method S3RegionRedirector.set_request_url of &lt;botocore.utils.S3RegionRedirector object at 0x000001BDA2D33D30&gt;&gt;</msg>
<msg timestamp="20220725 18:40:03.707" level="DEBUG">Event before-call.s3.ListBuckets: calling handler &lt;function add_recursion_detection_header at 0x000001BDA1C5EE60&gt;</msg>
<msg timestamp="20220725 18:40:03.707" level="DEBUG">Event before-call.s3.ListBuckets: calling handler &lt;function inject_api_version_header_if_needed at 0x000001BDA1C7CA60&gt;</msg>
<msg timestamp="20220725 18:40:03.707" level="DEBUG">Making request for OperationModel(name=ListBuckets) with params: {'url_path': '/', 'query_string': '', 'method': 'GET', 'headers': {'User-Agent': 'Boto3/1.24.30 Python/3.10.5 Windows/10 Botocore/1.27.30'}, 'body': b'', 'url': 'https://s3.amazonaws.com/', 'context': {'client_region': 'us-east-1', 'client_config': &lt;botocore.config.Config object at 0x000001BDA2D33280&gt;, 'has_streaming_input': False, 'auth_type': None, 'signing': {'bucket': None}}}</msg>
<msg timestamp="20220725 18:40:03.708" level="DEBUG">Event request-created.s3.ListBuckets: calling handler &lt;bound method RequestSigner.handler of &lt;botocore.signers.RequestSigner object at 0x000001BDA2D331F0&gt;&gt;</msg>
<msg timestamp="20220725 18:40:03.708" level="DEBUG">Event choose-signer.s3.ListBuckets: calling handler &lt;bound method S3EndpointSetter.set_signer of &lt;botocore.utils.S3EndpointSetter object at 0x000001BDA2D33E20&gt;&gt;</msg>
<msg timestamp="20220725 18:40:03.708" level="DEBUG">Event choose-signer.s3.ListBuckets: calling handler &lt;bound method ClientCreator._default_s3_presign_to_sigv2 of &lt;botocore.client.ClientCreator object at 0x000001BDA2D15510&gt;&gt;</msg>
<msg timestamp="20220725 18:40:03.708" level="DEBUG">Event choose-signer.s3.ListBuckets: calling handler &lt;function set_operation_specific_signer at 0x000001BDA1C5F0A0&gt;</msg>
<msg timestamp="20220725 18:40:03.708" level="DEBUG">Event before-sign.s3.ListBuckets: calling handler &lt;bound method S3EndpointSetter.set_endpoint of &lt;botocore.utils.S3EndpointSetter object at 0x000001BDA2D33E20&gt;&gt;</msg>
<msg timestamp="20220725 18:40:03.708" level="DEBUG">Calculating signature using v4 auth.</msg>
<msg timestamp="20220725 18:40:03.709" level="DEBUG">CanonicalRequest:
GET
/

host:s3.amazonaws.com
x-amz-content-sha256:e3b0c44298fc1c149afbf4c8996fb92427ae41e4649b934ca495991b7852b855
x-amz-date:20220725T131003Z

host;x-amz-content-sha256;x-amz-date
e3b0c44298fc1c149afbf4c8996fb92427ae41e4649b934ca495991b7852b855</msg>
<msg timestamp="20220725 18:40:03.709" level="DEBUG">StringToSign:
AWS4-HMAC-SHA256
20220725T131003Z
20220725/us-east-1/s3/aws4_request
7d187da3808b82b46839fbc757c646996c3a1f68e2e644d67f8a1baacdb34901</msg>
<msg timestamp="20220725 18:40:03.709" level="DEBUG">Signature:
a781b21de8a3ba0cc209f10c97dbb78501e14d8fbf4ae17ce65bc3c425d688bb</msg>
<msg timestamp="20220725 18:40:03.709" level="DEBUG">Event request-created.s3.ListBuckets: calling handler &lt;function add_retry_headers at 0x000001BDA1C7D120&gt;</msg>
<msg timestamp="20220725 18:40:03.709" level="DEBUG">Sending http request: &lt;AWSPreparedRequest stream_output=False, method=GET, url=https://s3.amazonaws.com/, headers={'User-Agent': b'Boto3/1.24.30 Python/3.10.5 Windows/10 Botocore/1.27.30', 'X-Amz-Date': b'20220725T131003Z', 'X-Amz-Content-SHA256': b'e3b0c44298fc1c149afbf4c8996fb92427ae41e4649b934ca495991b7852b855', 'Authorization': b'AWS4-HMAC-SHA256 Credential=AKIAYBEGMMG4N2G64Q5E/20220725/us-east-1/s3/aws4_request, SignedHeaders=host;x-amz-content-sha256;x-amz-date, Signature=a781b21de8a3ba0cc209f10c97dbb78501e14d8fbf4ae17ce65bc3c425d688bb', 'amz-sdk-invocation-id': b'9b8e750e-326f-4202-bebd-e10135c36278', 'amz-sdk-request': b'attempt=1'}&gt;</msg>
<msg timestamp="20220725 18:40:03.710" level="DEBUG">Certificate path: C:\Users\C287866\PycharmProjects\Demoproject\venv\lib\site-packages\certifi\cacert.pem</msg>
<msg timestamp="20220725 18:40:03.751" level="DEBUG">https://s3.amazonaws.com:443 "GET / HTTP/1.1" 200 None</msg>
<msg timestamp="20220725 18:40:03.755" level="DEBUG">Response headers: {'x-amz-id-2': 'dpCmq44pw4pncxqo4QCkQImwMLmihJuuyBFXieZHQ4vvD4I6I7uy3wULS5dvCWLHhoU1+9lfOxs=', 'x-amz-request-id': '5ZQWWZKVY3H4V1JX', 'Date': 'Mon, 25 Jul 2022 13:10:04 GMT', 'Content-Type': 'application/xml', 'Transfer-Encoding': 'chunked', 'Server': 'AmazonS3'}</msg>
<msg timestamp="20220725 18:40:03.756" level="DEBUG">Response body:
b'&lt;?xml version="1.0" encoding="UTF-8"?&gt;\n&lt;ListAllMyBucketsResult xmlns="http://s3.amazonaws.com/doc/2006-03-01/"&gt;&lt;Owner&gt;&lt;ID&gt;818f385c84598f9c06051ddd13327bf1b909d262016b5d1a5dfb941715179dd2&lt;/ID&gt;&lt;DisplayName&gt;tr-aws-sub216&lt;/DisplayName&gt;&lt;/Owner&gt;&lt;Buckets&gt;&lt;Bucket&gt;&lt;Name&gt;552185127352-sagemaker-us-east-1&lt;/Name&gt;&lt;CreationDate&gt;2018-12-06T20:19:12.000Z&lt;/CreationDate&gt;&lt;/Bucket&gt;&lt;Bucket&gt;&lt;Name&gt;a201843-inf557-terraform-status&lt;/Name&gt;&lt;CreationDate&gt;2022-01-27T17:12:59.000Z&lt;/CreationDate&gt;&lt;/Bucket&gt;&lt;Bucket&gt;&lt;Name&gt;a202118-cdt-win-terraform-status&lt;/Name&gt;&lt;CreationDate&gt;2022-01-31T21:47:06.000Z&lt;/CreationDate&gt;&lt;/Bucket&gt;&lt;Bucket&gt;&lt;Name&gt;a202118-lavita-dev-outputbucket&lt;/Name&gt;&lt;CreationDate&gt;2019-07-17T03:19:55.000Z&lt;/CreationDate&gt;&lt;/Bucket&gt;&lt;Bucket&gt;&lt;Name&gt;a204383-tr-project-lavita&lt;/Name&gt;&lt;CreationDate&gt;2018-10-04T14:01:33.000Z&lt;/CreationDate&gt;&lt;/Bucket&gt;&lt;Bucket&gt;&lt;Name&gt;a204727-ie-qa-terraform-state&lt;/Name&gt;&lt;CreationDate&gt;2022-03-15T21:50:22.000Z&lt;/CreationDate&gt;&lt;/Bucket&gt;&lt;Bucket&gt;&lt;Name&gt;a205561-dataminer-setup-cma2&lt;/Name&gt;&lt;CreationDate&gt;2022-05-24T15:26:41.000Z&lt;/CreationDate&gt;&lt;/Bucket&gt;&lt;Bucket&gt;&lt;Name&gt;a206746-eun1-serverless-deployment&lt;/Name&gt;&lt;CreationDate&gt;2020-10-20T14:49:35.000Z&lt;/CreationDate&gt;&lt;/Bucket&gt;&lt;Bucket&gt;&lt;Name&gt;a206746-rpc-ecommerce-dev-us-east-1&lt;/Name&gt;&lt;CreationDate&gt;2020-12-04T09:28:50.000Z&lt;/CreationDate&gt;&lt;/Bucket&gt;&lt;Bucket&gt;&lt;Name&gt;a206746-serverless-deployment&lt;/Name&gt;&lt;CreationDate&gt;2020-10-08T09:35:12.000Z&lt;/CreationDate&gt;&lt;/Bucket&gt;&lt;Bucket&gt;&lt;Name&gt;a206746-us-536-api-blue-deployment&lt;/Name&gt;&lt;CreationDate&gt;2021-04-08T10:29:23.000Z&lt;/CreationDate&gt;&lt;/Bucket&gt;&lt;Bucket&gt;&lt;Name&gt;a206746-us-lego-api-blue-deployment&lt;/Name&gt;&lt;CreationDate&gt;2021-04-13T14:47:14.000Z&lt;/CreationDate&gt;&lt;/Bucket&gt;&lt;Bucket&gt;&lt;Name&gt;a206746-us-no-ping-api-blue-deployment&lt;/Name&gt;&lt;CreationDate&gt;2021-03-22T13:56:07.000Z&lt;/CreationDate&gt;&lt;/Bucket&gt;&lt;Bucket&gt;&lt;Name&gt;a206746-us-r664-serverless-deployments&lt;/Name&gt;&lt;CreationDate&gt;2021-07-09T10:46:04.000Z&lt;/CreationDate&gt;&lt;/Bucket&gt;&lt;Bucket&gt;&lt;Name&gt;a206746-us-rp780-serverless-deployments&lt;/Name&gt;&lt;CreationDate&gt;2021-06-16T16:12:49.000Z&lt;/CreationDate&gt;&lt;/Bucket&gt;&lt;Bucket&gt;&lt;Name&gt;a206746-us-rpc-191-api-blue-deployment&lt;/Name&gt;&lt;CreationDate&gt;2021-03-23T13:42:57.000Z&lt;/CreationDate&gt;&lt;/Bucket&gt;&lt;Bucket&gt;&lt;Name&gt;a206746-us-rpc-191-serverless-deployments&lt;/Name&gt;&lt;CreationDate&gt;2021-05-24T10:16:57.000Z&lt;/CreationDate&gt;&lt;/Bucket&gt;&lt;Bucket&gt;&lt;Name&gt;a206746-us-rpc-195-api-blue-deployment&lt;/Name&gt;&lt;CreationDate&gt;2021-03-24T09:53:04.000Z&lt;/CreationDate&gt;&lt;/Bucket&gt;&lt;Bucket&gt;&lt;Name&gt;a206746-us-rpc-328-api-blue-deployment&lt;/Name&gt;&lt;CreationDate&gt;2021-03-19T10:31:27.000Z&lt;/CreationDate&gt;&lt;/Bucket&gt;&lt;Bucket&gt;&lt;Name&gt;a206746-us-rpc-434-serverless-deployments&lt;/Name&gt;&lt;CreationDate&gt;2021-05-24T10:08:23.000Z&lt;/CreationDate&gt;&lt;/Bucket&gt;&lt;Bucket&gt;&lt;Name&gt;a206746-us-rpc-512-api-blue-deployment&lt;/Name&gt;&lt;CreationDate&gt;2021-03-31T14:16:59.000Z&lt;/CreationDate&gt;&lt;/Bucket&gt;&lt;Bucket&gt;&lt;Name&gt;a206746-us-rpc-523-api-blue-deployment&lt;/Name&gt;&lt;CreationDate&gt;2021-03-19T09:19:14.000Z&lt;/CreationDate&gt;&lt;/Bucket&gt;&lt;Bucket&gt;&lt;Name&gt;a206746-us-rpc-575-3-api-blue-deployment&lt;/Name&gt;&lt;CreationDate&gt;2021-03-10T10:08:09.000Z&lt;/CreationDate&gt;&lt;/Bucket&gt;&lt;Bucket&gt;&lt;Name&gt;a206746-us-rpc-592-api-blue-deployment&lt;/Name&gt;&lt;CreationDate&gt;2021-03-11T13:06:18.000Z&lt;/CreationDate&gt;&lt;/Bucket&gt;&lt;Bucket&gt;&lt;Name&gt;a206746-us-rpc-597-1-api-blue-deployment&lt;/Name&gt;&lt;CreationDate&gt;2021-03-25T13:14:21.000Z&lt;/CreationDate&gt;&lt;/Bucket&gt;&lt;Bucket&gt;&lt;Name&gt;a206746-us-rpc-597-api-blue-deployment&lt;/Name&gt;&lt;CreationDate&gt;2021-03-25T09:22:30.000Z&lt;/CreationDate&gt;&lt;/Bucket&gt;&lt;Bucket&gt;&lt;Name&gt;a206746-us-rpc-630-api-blue-deployment&lt;/Name&gt;&lt;CreationDate&gt;2021-03-29T15:15:32.000Z&lt;/CreationDate&gt;&lt;/Bucket&gt;&lt;Bucket&gt;&lt;Name&gt;a206746-us-rpc-639-api-blue-deployment&lt;/Name&gt;&lt;CreationDate&gt;2021-03-22T10:33:00.000Z&lt;/CreationDate&gt;&lt;/Bucket&gt;&lt;Bucket&gt;&lt;Name&gt;a206746-us-rpc-639-noping-api-blue-deployment&lt;/Name&gt;&lt;CreationDate&gt;2021-03-22T13:11:34.000Z&lt;/CreationDate&gt;&lt;/Bucket&gt;&lt;Bucket&gt;&lt;Name&gt;a206746-us-rpc-671-api-blue-deployment&lt;/Name&gt;&lt;CreationDate&gt;2021-04-13T15:18:09.000Z&lt;/CreationDate&gt;&lt;/Bucket&gt;&lt;Bucket&gt;&lt;Name&gt;a206746-us-rpc-691-api-blue-deployment&lt;/Name&gt;&lt;CreationDate&gt;2021-04-15T09:22:28.000Z&lt;/CreationDate&gt;&lt;/Bucket&gt;&lt;Bucket&gt;&lt;Name&gt;a206746-us-rpc-691-serverless-deployments&lt;/Name&gt;&lt;CreationDate&gt;2021-06-14T12:09:56.000Z&lt;/CreationDate&gt;&lt;/Bucket&gt;&lt;Bucket&gt;&lt;Name&gt;a206746-us-rpc-perf-api-blue-deployment&lt;/Name&gt;&lt;CreationDate&gt;2021-04-21T10:06:49.000Z&lt;/CreationDate&gt;&lt;/Bucket&gt;&lt;Bucket&gt;&lt;Name&gt;a206746-us-rpc-xray-api-blue-deployment&lt;/Name&gt;&lt;CreationDate&gt;2021-03-16T15:58:01.000Z&lt;/CreationDate&gt;&lt;/Bucket&gt;&lt;Bucket&gt;&lt;Name&gt;a206746-us-rpc515a-serverless-deployments&lt;/Name&gt;&lt;CreationDate&gt;2021-04-26T09:56:27.000Z&lt;/CreationDate&gt;&lt;/Bucket&gt;&lt;Bucket&gt;&lt;Name&gt;a206746-us-rpc515b-api-blue-deployment&lt;/Name&gt;&lt;CreationDate&gt;2021-03-15T11:52:01.000Z&lt;/CreationDate&gt;&lt;/Bucket&gt;&lt;Bucket&gt;&lt;Name&gt;a206746-us-rpc515d-api-blue-deployment&lt;/Name&gt;&lt;CreationDate&gt;2021-03-15T13:24:14.000Z&lt;/CreationDate&gt;&lt;/Bucket&gt;&lt;Bucket&gt;&lt;Name&gt;a206746-us-rpc529-35-api-blue-deployment&lt;/Name&gt;&lt;CreationDate&gt;2021-03-19T14:29:44.000Z&lt;/CreationDate&gt;&lt;/Bucket&gt;&lt;Bucket&gt;&lt;Name&gt;a206746-us-rpc529-36-api-blue-deployment&lt;/Name&gt;&lt;CreationDate&gt;2021-03-19T15:21:53.000Z&lt;/CreationDate&gt;&lt;/Bucket&gt;&lt;Bucket&gt;&lt;Name&gt;a206746-us-rpc670-serverless-deployments&lt;/Name&gt;&lt;CreationDate&gt;2021-04-30T13:45:06.000Z&lt;/CreationDate&gt;&lt;/Bucket&gt;&lt;Bucket&gt;&lt;Name&gt;a206746-us-rpc734-api-blue-deployment&lt;/Name&gt;&lt;CreationDate&gt;2021-04-23T08:41:24.000Z&lt;/CreationDate&gt;&lt;/Bucket&gt;&lt;Bucket&gt;&lt;Name&gt;a206746-us-rpc734-serverless-deployments&lt;/Name&gt;&lt;CreationDate&gt;2021-04-26T10:27:26.000Z&lt;/CreationDate&gt;&lt;/Bucket&gt;&lt;Bucket&gt;&lt;Name&gt;a206746-us-rpc741-api-blue-deployment&lt;/Name&gt;&lt;CreationDate&gt;2021-04-16T12:16:03.000Z&lt;/CreationDate&gt;&lt;/Bucket&gt;&lt;Bucket&gt;&lt;Name&gt;a206746-us-rpc760-serverless-deployments&lt;/Name&gt;&lt;CreationDate&gt;2021-04-29T10:02:43.000Z&lt;/CreationDate&gt;&lt;/Bucket&gt;&lt;Bucket&gt;&lt;Name&gt;a206746-us-rpc780-serverless-deployments&lt;/Name&gt;&lt;CreationDate&gt;2021-06-15T10:13:52.000Z&lt;/CreationDate&gt;&lt;/Bucket&gt;&lt;Bucket&gt;&lt;Name&gt;a208056-ie-qa-terraform-state&lt;/Name&gt;&lt;CreationDate&gt;2022-03-12T19:03:06.000Z&lt;/CreationDate&gt;&lt;/Bucket&gt;&lt;Bucket&gt;&lt;Name&gt;about.reuters.com&lt;/Name&gt;&lt;CreationDate&gt;2017-01-17T20:45:08.000Z&lt;/CreationDate&gt;&lt;/Bucket&gt;&lt;Bucket&gt;&lt;Name&gt;adam-event-test&lt;/Name&gt;&lt;CreationDate&gt;2019-07-31T09:45:45.000Z&lt;/CreationDate&gt;&lt;/Bucket&gt;&lt;Bucket&gt;&lt;Name&gt;adam-lxmltest-dev-serverlessdeploymentbucket-vov21fkrekmo&lt;/Name&gt;&lt;CreationDate&gt;2022-05-04T15:58:14.000Z&lt;/CreationDate&gt;&lt;/Bucket&gt;&lt;Bucket&gt;&lt;Name&gt;adam-sls-test-dev-serverlessdeploymentbucket-1998wfa2047my&lt;/Name&gt;&lt;CreationDate&gt;2018-06-18T09:21:36.000Z&lt;/CreationDate&gt;&lt;/Bucket&gt;&lt;Bucket&gt;&lt;Name&gt;adam-sls-test-dev-update&lt;/Name&gt;&lt;CreationDate&gt;2018-06-18T09:35:57.000Z&lt;/CreationDate&gt;&lt;/Bucket&gt;&lt;Bucket&gt;&lt;Name&gt;ami-agent-scripts&lt;/Name&gt;&lt;CreationDate&gt;2021-11-26T16:48:03.000Z&lt;/CreationDate&gt;&lt;/Bucket&gt;&lt;Bucket&gt;&lt;Name&gt;ampersand-human-labeling-eu&lt;/Name&gt;&lt;CreationDate&gt;2019-12-16T04:31:06.000Z&lt;/CreationDate&gt;&lt;/Bucket&gt;&lt;Bucket&gt;&lt;Name&gt;ampersand-shared-samples&lt;/Name&gt;&lt;CreationDate&gt;2019-10-02T16:02:41.000Z&lt;/CreationDate&gt;&lt;/Bucket&gt;&lt;Bucket&gt;&lt;Name&gt;ap-northeast-1-reuters-serverless-artifactory&lt;/Name&gt;&lt;CreationDate&gt;2018-04-06T06:21:38.000Z&lt;/CreationDate&gt;&lt;/Bucket&gt;&lt;Bucket&gt;&lt;Name&gt;ap-southeast-1-reuters-serverless-artifactory&lt;/Name&gt;&lt;CreationDate&gt;2017-05-02T19:22:49.000Z&lt;/CreationDate&gt;&lt;/Bucket&gt;&lt;Bucket&gt;&lt;Name&gt;archive-ingestion-servic-serverlessdeploymentbuck-jqvx9eplaewi&lt;/Name&gt;&lt;CreationDate&gt;2018-01-17T13:44:10.000Z&lt;/CreationDate&gt;&lt;/Bucket&gt;&lt;Bucket&gt;&lt;Name&gt;archive-screener-preview-processing-json&lt;/Name&gt;&lt;CreationDate&gt;2017-11-09T13:21:05.000Z&lt;/CreationDate&gt;&lt;/Bucket&gt;&lt;Bucket&gt;&lt;Name&gt;archive-screener-preview-processing-json-dev&lt;/Name&gt;&lt;CreationDate&gt;2017-11-30T14:25:14.000Z&lt;/CreationDate&gt;&lt;/Bucket&gt;&lt;Bucket&gt;&lt;Name&gt;archive-screener-preview-processing-json-ppe&lt;/Name&gt;&lt;CreationDate&gt;2018-01-15T15:26:07.000Z&lt;/CreationDate&gt;&lt;/Bucket&gt;&lt;Bucket&gt;&lt;Name&gt;archive-screener-preview-processing-json-prod&lt;/Name&gt;&lt;CreationDate&gt;2017-11-30T14:25:29.000Z&lt;/CreationDate&gt;&lt;/Bucket&gt;&lt;Bucket&gt;&lt;Name&gt;archive-screener-preview-processing-json-qa&lt;/Name&gt;&lt;CreationDate&gt;2017-11-30T14:25:21.000Z&lt;/CreationDate&gt;&lt;/Bucket&gt;&lt;Bucket&gt;&lt;Name&gt;aws-athena-query-results-552185127352-eu-west-1&lt;/Name&gt;&lt;CreationDate&gt;2018-04-30T14:24:55.000Z&lt;/CreationDate&gt;&lt;/Bucket&gt;&lt;Bucket&gt;&lt;Name&gt;aws-athena-query-results-552185127352-us-east-1&lt;/Name&gt;&lt;CreationDate&gt;2016-12-01T07:24:20.000Z&lt;/CreationDate&gt;&lt;/Bucket&gt;&lt;Bucket&gt;&lt;Name&gt;aws-athena-query-results-552185127352-us-east-2&lt;/Name&gt;&lt;CreationDate&gt;2018-01-25T03:06:12.000Z&lt;/CreationDate&gt;&lt;/Bucket&gt;&lt;Bucket&gt;&lt;Name&gt;aws-athena-query-results-us-east-1-552185127352&lt;/Name&gt;&lt;CreationDate&gt;2018-05-30T22:17:29.000Z&lt;/CreationDate&gt;&lt;/Bucket&gt;&lt;Bucket&gt;&lt;Name&gt;aws-codestar-eu-west-1-552185127352&lt;/Name&gt;&lt;CreationDate&gt;2017-04-20T09:16:53.000Z&lt;/CreationDate&gt;&lt;/Bucket&gt;&lt;Bucket&gt;&lt;Name&gt;aws-codestar-us-east-1-552185127352&lt;/Name&gt;&lt;CreationDate&gt;2017-04-19T23:29:13.000Z&lt;/CreationDate&gt;&lt;/Bucket&gt;&lt;Bucket&gt;&lt;Name&gt;aws-codestar-us-east-1-552185127352-test-pipeline&lt;/Name&gt;&lt;CreationDate&gt;2017-04-19T23:30:09.000Z&lt;/CreationDate&gt;&lt;/Bucket&gt;&lt;Bucket&gt;&lt;Name&gt;aws-glue-scripts-552185127352-eu-west-1&lt;/Name&gt;&lt;CreationDate&gt;2018-04-11T07:14:01.000Z&lt;/CreationDate&gt;&lt;/Bucket&gt;&lt;Bucket&gt;&lt;Name&gt;aws-glue-scripts-552185127352-us-east-1&lt;/Name&gt;&lt;CreationDate&gt;2018-05-25T17:15:31.000Z&lt;/CreationDate&gt;&lt;/Bucket&gt;&lt;Bucket&gt;&lt;Name&gt;aws-glue-temporary-552185127352-eu-west-1&lt;/Name&gt;&lt;CreationDate&gt;2018-04-11T07:14:03.000Z&lt;/CreationDate&gt;&lt;/Bucket&gt;&lt;Bucket&gt;&lt;Name&gt;aws-glue-temporary-552185127352-us-east-1&lt;/Name&gt;&lt;CreationDate&gt;2018-05-25T18:05:16.000Z&lt;/CreationDate&gt;&lt;/Bucket&gt;&lt;Bucket&gt;&lt;Name&gt;aws-logs-552185127352-us-east-1&lt;/Name&gt;&lt;CreationDate&gt;2016-07-08T16:12:21.000Z&lt;/CreationDate&gt;&lt;/Bucket&gt;&lt;Bucket&gt;&lt;Name&gt;aws-rcp-backend-api-dev-serverlessdeploymentbucke-1togb4z8xz4w1&lt;/Name&gt;&lt;CreationDate&gt;2019-06-10T20:10:32.000Z&lt;/CreationDate&gt;&lt;/Bucket&gt;&lt;Bucket&gt;&lt;Name&gt;aws-sam-cli-managed-default-samclisourcebucket-1fh92178utd01&lt;/Name&gt;&lt;CreationDate&gt;2021-02-12T13:37:24.000Z&lt;/CreationDate&gt;&lt;/Bucket&gt;&lt;Bucket&gt;&lt;Name&gt;aws-sam-cli-managed-default-samclisourcebucket-k0wknpzy6eys&lt;/Name&gt;&lt;CreationDate&gt;2021-04-20T19:22:06.000Z&lt;/CreationDate&gt;&lt;/Bucket&gt;&lt;Bucket&gt;&lt;Name&gt;aws-waf-logs-qa-reuters-connect&lt;/Name&gt;&lt;CreationDate&gt;2021-08-10T18:33:24.000Z&lt;/CreationDate&gt;&lt;/Bucket&gt;&lt;Bucket&gt;&lt;Name&gt;backup-mojo-ftp-01-dennis&lt;/Name&gt;&lt;CreationDate&gt;2022-01-15T17:13:38.000Z&lt;/CreationDate&gt;&lt;/Bucket&gt;&lt;Bucket&gt;&lt;Name&gt;becky-terraform-status&lt;/Name&gt;&lt;CreationDate&gt;2021-10-25T15:56:58.000Z&lt;/CreationDate&gt;&lt;/Bucket&gt;&lt;Bucket&gt;&lt;Name&gt;branding.reuters.com&lt;/Name&gt;&lt;CreationDate&gt;2020-07-10T19:13:15.000Z&lt;/CreationDate&gt;&lt;/Bucket&gt;&lt;Bucket&gt;&lt;Name&gt;cdk-hnb659fds-assets-552185127352-eu-west-2&lt;/Name&gt;&lt;CreationDate&gt;2021-07-21T07:54:25.000Z&lt;/CreationDate&gt;&lt;/Bucket&gt;&lt;Bucket&gt;&lt;Name&gt;cdktoolkit-stagingbucket-itly3wy1llth&lt;/Name&gt;&lt;CreationDate&gt;2020-10-20T13:17:02.000Z&lt;/CreationDate&gt;&lt;/Bucket&gt;&lt;Bucket&gt;&lt;Name&gt;cdktoolkit-stagingbucket-n3qvbr7o4jbn&lt;/Name&gt;&lt;CreationDate&gt;2021-10-12T01:29:32.000Z&lt;/CreationDate&gt;&lt;/Bucket&gt;&lt;Bucket&gt;&lt;Name&gt;cf-lives-glue-resource-qa&lt;/Name&gt;&lt;CreationDate&gt;2018-06-13T02:04:09.000Z&lt;/CreationDate&gt;&lt;/Bucket&gt;&lt;Bucket&gt;&lt;Name&gt;cf-lives-processed-qa2&lt;/Name&gt;&lt;CreationDate&gt;2018-07-06T17:21:26.000Z&lt;/CreationDate&gt;&lt;/Bucket&gt;&lt;Bucket&gt;&lt;Name&gt;cf-logs-wne-aws-qa2&lt;/Name&gt;&lt;CreationDate&gt;2018-07-06T16:01:24.000Z&lt;/CreationDate&gt;&lt;/Bucket&gt;&lt;Bucket&gt;&lt;Name&gt;cf-reuters-video-processed-qa2&lt;/Name&gt;&lt;CreationDate&gt;2018-06-21T17:46:52.000Z&lt;/CreationDate&gt;&lt;/Bucket&gt;&lt;Bucket&gt;&lt;Name&gt;cf-reuters-video-qa&lt;/Name&gt;&lt;CreationDate&gt;2018-06-21T12:54:12.000Z&lt;/CreationDate&gt;&lt;/Bucket&gt;&lt;Bucket&gt;&lt;Name&gt;cf-templates-s17sccdl8z72-ap-east-1&lt;/Name&gt;&lt;CreationDate&gt;2021-06-03T09:23:53.000Z&lt;/CreationDate&gt;&lt;/Bucket&gt;&lt;Bucket&gt;&lt;Name&gt;cf-templates-s17sccdl8z72-ap-northeast-1&lt;/Name&gt;&lt;CreationDate&gt;2018-05-10T02:12:46.000Z&lt;/CreationDate&gt;&lt;/Bucket&gt;&lt;Bucket&gt;&lt;Name&gt;cf-templates-s17sccdl8z72-ap-southeast-1&lt;/Name&gt;&lt;CreationDate&gt;2018-08-02T08:18:57.000Z&lt;/CreationDate&gt;&lt;/Bucket&gt;&lt;Bucket&gt;&lt;Name&gt;cf-templates-s17sccdl8z72-eu-central-1&lt;/Name&gt;&lt;CreationDate&gt;2017-10-10T06:14:05.000Z&lt;/CreationDate&gt;&lt;/Bucket&gt;&lt;Bucket&gt;&lt;Name&gt;cf-templates-s17sccdl8z72-eu-west-1&lt;/Name&gt;&lt;CreationDate&gt;2016-03-23T19:04:13.000Z&lt;/CreationDate&gt;&lt;/Bucket&gt;&lt;Bucket&gt;&lt;Name&gt;cf-templates-s17sccdl8z72-eu-west-2&lt;/Name&gt;&lt;CreationDate&gt;2021-09-09T14:53:40.000Z&lt;/CreationDate&gt;&lt;/Bucket&gt;&lt;Bucket&gt;&lt;Name&gt;cf-templates-s17sccdl8z72-sa-east-1&lt;/Name&gt;&lt;CreationDate&gt;2018-09-13T08:28:47.000Z&lt;/CreationDate&gt;&lt;/Bucket&gt;&lt;Bucket&gt;&lt;Name&gt;cf-templates-s17sccdl8z72-us-east-1&lt;/Name&gt;&lt;CreationDate&gt;2016-02-03T23:35:41.000Z&lt;/CreationDate&gt;&lt;/Bucket&gt;&lt;Bucket&gt;&lt;Name&gt;cf-templates-s17sccdl8z72-us-east-2&lt;/Name&gt;&lt;CreationDate&gt;2019-01-24T08:19:37.000Z&lt;/CreationDate&gt;&lt;/Bucket&gt;&lt;Bucket&gt;&lt;Name&gt;cf-templates-s17sccdl8z72-us-west-2&lt;/Name&gt;&lt;CreationDate&gt;2017-08-01T18:02:01.000Z&lt;/CreationDate&gt;&lt;/Bucket&gt;&lt;Bucket&gt;&lt;Name&gt;checkinglifecycle&lt;/Name&gt;&lt;CreationDate&gt;2021-07-19T13:44:12.000Z&lt;/CreationDate&gt;&lt;/Bucket&gt;&lt;Bucket&gt;&lt;Name&gt;cicdpipeline-siennapoc-pipelineartifactsbucketaea-1xfdiy2a3qi18&lt;/Name&gt;&lt;CreationDate&gt;2021-07-26T09:08:24.000Z&lt;/CreationDate&gt;&lt;/Bucket&gt;&lt;Bucket&gt;&lt;Name&gt;clive-test-eu&lt;/Name&gt;&lt;CreationDate&gt;2020-02-04T12:46:15.000Z&lt;/CreationDate&gt;&lt;/Bucket&gt;&lt;Bucket&gt;&lt;Name&gt;closedcaption-input-test&lt;/Name&gt;&lt;CreationDate&gt;2022-06-02T18:06:44.000Z&lt;/CreationDate&gt;&lt;/Bucket&gt;&lt;Bucket&gt;&lt;Name&gt;closedcaption-output-test&lt;/Name&gt;&lt;CreationDate&gt;2022-06-02T18:08:26.000Z&lt;/CreationDate&gt;&lt;/Bucket&gt;&lt;Bucket&gt;&lt;Name&gt;cloud9-552185127352-sam-deployments-eu-west-1&lt;/Name&gt;&lt;CreationDate&gt;2018-04-10T08:32:48.000Z&lt;/CreationDate&gt;&lt;/Bucket&gt;&lt;Bucket&gt;&lt;Name&gt;cloudtrail-wne&lt;/Name&gt;&lt;CreationDate&gt;2015-06-10T14:54:00.000Z&lt;/CreationDate&gt;&lt;/Bucket&gt;&lt;Bucket&gt;&lt;Name&gt;codepipeline-eu-west-1-379288233941&lt;/Name&gt;&lt;CreationDate&gt;2018-05-09T13:06:06.000Z&lt;/CreationDate&gt;&lt;/Bucket&gt;&lt;Bucket&gt;&lt;Name&gt;codepipeline-us-east-1-740505072631&lt;/Name&gt;&lt;CreationDate&gt;2018-08-17T14:13:26.000Z&lt;/CreationDate&gt;&lt;/Bucket&gt;&lt;Bucket&gt;&lt;Name&gt;config-bucket-552185127352&lt;/Name&gt;&lt;CreationDate&gt;2017-01-12T14:48:12.000Z&lt;/CreationDate&gt;&lt;/Bucket&gt;&lt;Bucket&gt;&lt;Name&gt;core-fetcher-ingestion&lt;/Name&gt;&lt;CreationDate&gt;2016-11-02T07:44:22.000Z&lt;/CreationDate&gt;&lt;/Bucket&gt;&lt;Bucket&gt;&lt;Name&gt;core-pipeline-input&lt;/Name&gt;&lt;CreationDate&gt;2017-10-20T08:18:05.000Z&lt;/CreationDate&gt;&lt;/Bucket&gt;&lt;Bucket&gt;&lt;Name&gt;core-pipeline-input-qa&lt;/Name&gt;&lt;CreationDate&gt;2018-01-31T09:08:57.000Z&lt;/CreationDate&gt;&lt;/Bucket&gt;&lt;Bucket&gt;&lt;Name&gt;core-pipeline-output&lt;/Name&gt;&lt;CreationDate&gt;2017-10-20T08:19:45.000Z&lt;/CreationDate&gt;&lt;/Bucket&gt;&lt;Bucket&gt;&lt;Name&gt;datadog-forwarder-forwarderzipsbucket-3vj4ab2wsbds&lt;/Name&gt;&lt;CreationDate&gt;2020-06-04T07:23:18.000Z&lt;/CreationDate&gt;&lt;/Bucket&gt;&lt;Bucket&gt;&lt;Name&gt;dennis-london-test&lt;/Name&gt;&lt;CreationDate&gt;2022-04-04T14:33:00.000Z&lt;/CreationDate&gt;&lt;/Bucket&gt;&lt;Bucket&gt;&lt;Name&gt;dev-archive-ninjs-input&lt;/Name&gt;&lt;CreationDate&gt;2016-04-25T11:00:32.000Z&lt;/CreationDate&gt;&lt;/Bucket&gt;&lt;Bucket&gt;&lt;Name&gt;dev-archive-ninjs-input-update&lt;/Name&gt;&lt;CreationDate&gt;2018-06-19T11:41:54.000Z&lt;/CreationDate&gt;&lt;/Bucket&gt;&lt;Bucket&gt;&lt;Name&gt;dev-cloud-transcode-farm-input&lt;/Name&gt;&lt;CreationDate&gt;2018-01-25T17:03:12.000Z&lt;/CreationDate&gt;&lt;/Bucket&gt;&lt;Bucket&gt;&lt;Name&gt;dev-datadog-forwarder-forwarderbucket-18zl2mz3rf24d&lt;/Name&gt;&lt;CreationDate&gt;2021-03-12T08:33:20.000Z&lt;/CreationDate&gt;&lt;/Bucket&gt;&lt;Bucket&gt;&lt;Name&gt;dev-dax-test&lt;/Name&gt;&lt;CreationDate&gt;2020-01-14T18:42:57.000Z&lt;/CreationDate&gt;&lt;/Bucket&gt;&lt;Bucket&gt;&lt;Name&gt;dev-editorial-video-archive&lt;/Name&gt;&lt;CreationDate&gt;2021-05-05T13:42:13.000Z&lt;/CreationDate&gt;&lt;/Bucket&gt;&lt;Bucket&gt;&lt;Name&gt;dev-editorial-video-archive-bureau&lt;/Name&gt;&lt;CreationDate&gt;2021-05-13T10:47:57.000Z&lt;/CreationDate&gt;&lt;/Bucket&gt;&lt;Bucket&gt;&lt;Name&gt;dev-editorial-video-archive-proxy&lt;/Name&gt;&lt;CreationDate&gt;2021-05-05T13:43:07.000Z&lt;/CreationDate&gt;&lt;/Bucket&gt;&lt;Bucket&gt;&lt;Name&gt;dev-editorial-video-archive-sonyhive&lt;/Name&gt;&lt;CreationDate&gt;2021-05-13T10:46:25.000Z&lt;/CreationDate&gt;&lt;/Bucket&gt;&lt;Bucket&gt;&lt;Name&gt;dev-insync-panasonic-testdata&lt;/Name&gt;&lt;CreationDate&gt;2017-03-02T10:09:06.000Z&lt;/CreationDate&gt;&lt;/Bucket&gt;&lt;Bucket&gt;&lt;Name&gt;dev-insync-transcode&lt;/Name&gt;&lt;CreationDate&gt;2017-04-11T07:57:54.000Z&lt;/CreationDate&gt;&lt;/Bucket&gt;&lt;Bucket&gt;&lt;Name&gt;dev-insync-transcode-config&lt;/Name&gt;&lt;CreationDate&gt;2017-03-17T07:40:00.000Z&lt;/CreationDate&gt;&lt;/Bucket&gt;&lt;Bucket&gt;&lt;Name&gt;dev-jeff-test&lt;/Name&gt;&lt;CreationDate&gt;2019-05-29T10:51:03.000Z&lt;/CreationDate&gt;&lt;/Bucket&gt;&lt;Bucket&gt;&lt;Name&gt;dev-lambda-ffmpeg-output&lt;/Name&gt;&lt;CreationDate&gt;2017-10-27T11:41:10.000Z&lt;/CreationDate&gt;&lt;/Bucket&gt;&lt;Bucket&gt;&lt;Name&gt;dev-lambda-function-source-eu-west-agr&lt;/Name&gt;&lt;CreationDate&gt;2017-06-12T10:41:55.000Z&lt;/CreationDate&gt;&lt;/Bucket&gt;&lt;Bucket&gt;&lt;Name&gt;dev-phil-ffmpeg-lambda-function-source&lt;/Name&gt;&lt;CreationDate&gt;2017-10-25T11:10:21.000Z&lt;/CreationDate&gt;&lt;/Bucket&gt;&lt;Bucket&gt;&lt;Name&gt;dev-phil-ffmpeg-lambda-in&lt;/Name&gt;&lt;CreationDate&gt;2017-10-30T14:25:24.000Z&lt;/CreationDate&gt;&lt;/Bucket&gt;&lt;Bucket&gt;&lt;Name&gt;dev-phil-ffmpeg-lambda-out&lt;/Name&gt;&lt;CreationDate&gt;2017-10-30T14:24:41.000Z&lt;/CreationDate&gt;&lt;/Bucket&gt;&lt;Bucket&gt;&lt;Name&gt;dev-quasar-evaluation&lt;/Name&gt;&lt;CreationDate&gt;2017-06-23T12:10:01.000Z&lt;/CreationDate&gt;&lt;/Bucket&gt;&lt;Bucket&gt;&lt;Name&gt;dev-rce-monitoring-admin-static-resources&lt;/Name&gt;&lt;CreationDate&gt;2020-08-03T12:14:34.000Z&lt;/CreationDate&gt;&lt;/Bucket&gt;&lt;Bucket&gt;&lt;Name&gt;dev-rce-monitoring-static-resources&lt;/Name&gt;&lt;CreationDate&gt;2020-07-08T11:35:51.000Z&lt;/CreationDate&gt;&lt;/Bucket&gt;&lt;Bucket&gt;&lt;Name&gt;dev-rcon-core-fetcher&lt;/Name&gt;&lt;CreationDate&gt;2018-05-30T03:30:20.000Z&lt;/CreationDate&gt;&lt;/Bucket&gt;&lt;Bucket&gt;&lt;Name&gt;dev-rcpi-archive-es-manual-snapshot&lt;/Name&gt;&lt;CreationDate&gt;2020-11-12T15:20:59.000Z&lt;/CreationDate&gt;&lt;/Bucket&gt;&lt;Bucket&gt;&lt;Name&gt;dev-reuterslives-preview-conf&lt;/Name&gt;&lt;CreationDate&gt;2017-08-22T07:27:17.000Z&lt;/CreationDate&gt;&lt;/Bucket&gt;&lt;Bucket&gt;&lt;Name&gt;dev-reuterslives-preview-conf-us&lt;/Name&gt;&lt;CreationDate&gt;2018-07-16T04:38:35.000Z&lt;/CreationDate&gt;&lt;/Bucket&gt;&lt;Bucket&gt;&lt;Name&gt;dev-reuterslives-preview-site&lt;/Name&gt;&lt;CreationDate&gt;2017-08-22T09:28:28.000Z&lt;/CreationDate&gt;&lt;/Bucket&gt;&lt;Bucket&gt;&lt;Name&gt;dev-reuterslives-preview-site-us&lt;/Name&gt;&lt;CreationDate&gt;2018-07-16T04:38:22.000Z&lt;/CreationDate&gt;&lt;/Bucket&gt;&lt;Bucket&gt;&lt;Name&gt;dev-single-platform-ingestion-config&lt;/Name&gt;&lt;CreationDate&gt;2017-02-08T11:44:48.000Z&lt;/CreationDate&gt;&lt;/Bucket&gt;&lt;Bucket&gt;&lt;Name&gt;dev-single-platform-ninjs-ingestion&lt;/Name&gt;&lt;CreationDate&gt;2016-11-04T16:36:52.000Z&lt;/CreationDate&gt;&lt;/Bucket&gt;&lt;Bucket&gt;&lt;Name&gt;dev-tr-archive-requester-pays-test&lt;/Name&gt;&lt;CreationDate&gt;2017-02-13T12:52:23.000Z&lt;/CreationDate&gt;&lt;/Bucket&gt;&lt;Bucket&gt;&lt;Name&gt;dev-tr-content-archive-video-eu&lt;/Name&gt;&lt;CreationDate&gt;2016-10-13T14:52:41.000Z&lt;/CreationDate&gt;&lt;/Bucket&gt;&lt;Bucket&gt;&lt;Name&gt;dev-tr-content-archive-video-eu-stage&lt;/Name&gt;&lt;CreationDate&gt;2016-04-25T10:59:52.000Z&lt;/CreationDate&gt;&lt;/Bucket&gt;&lt;Bucket&gt;&lt;Name&gt;dev-vod-poc&lt;/Name&gt;&lt;CreationDate&gt;2022-06-27T09:26:57.000Z&lt;/CreationDate&gt;&lt;/Bucket&gt;&lt;Bucket&gt;&lt;Name&gt;dev-vre-dropout-eu&lt;/Name&gt;&lt;CreationDate&gt;2021-09-15T14:24:13.000Z&lt;/CreationDate&gt;&lt;/Bucket&gt;&lt;Bucket&gt;&lt;Name&gt;dev-watermark-software&lt;/Name&gt;&lt;CreationDate&gt;2019-03-25T08:42:27.000Z&lt;/CreationDate&gt;&lt;/Bucket&gt;&lt;Bucket&gt;&lt;Name&gt;dev-wiktor-webform-test&lt;/Name&gt;&lt;CreationDate&gt;2021-06-24T07:58:48.000Z&lt;/CreationDate&gt;&lt;/Bucket&gt;&lt;Bucket&gt;&lt;Name&gt;dev-witc-perm-eu&lt;/Name&gt;&lt;CreationDate&gt;2019-03-26T13:57:37.000Z&lt;/CreationDate&gt;&lt;/Bucket&gt;&lt;Bucket&gt;&lt;Name&gt;dev-witc-video-eu&lt;/Name&gt;&lt;CreationDate&gt;2018-05-24T14:08:53.000Z&lt;/CreationDate&gt;&lt;/Bucket&gt;&lt;Bucket&gt;&lt;Name&gt;dev-wne-adam-normal-bucket&lt;/Name&gt;&lt;CreationDate&gt;2017-06-15T08:52:57.000Z&lt;/CreationDate&gt;&lt;/Bucket&gt;&lt;Bucket&gt;&lt;Name&gt;dev-wne-cloud&lt;/Name&gt;&lt;CreationDate&gt;2018-04-30T08:55:31.000Z&lt;/CreationDate&gt;&lt;/Bucket&gt;&lt;Bucket&gt;&lt;Name&gt;dev-wne-cloud-ffmpeg-trigger-eu-west-agr&lt;/Name&gt;&lt;CreationDate&gt;2017-10-27T11:41:46.000Z&lt;/CreationDate&gt;&lt;/Bucket&gt;&lt;Bucket&gt;&lt;Name&gt;dev-wne-global-status&lt;/Name&gt;&lt;CreationDate&gt;2019-09-20T14:18:54.000Z&lt;/CreationDate&gt;&lt;/Bucket&gt;&lt;Bucket&gt;&lt;Name&gt;dev-wne-transcode-input&lt;/Name&gt;&lt;CreationDate&gt;2017-07-17T09:13:49.000Z&lt;/CreationDate&gt;&lt;/Bucket&gt;&lt;Bucket&gt;&lt;Name&gt;dev-wne-transcode-output&lt;/Name&gt;&lt;CreationDate&gt;2017-07-17T09:14:13.000Z&lt;/CreationDate&gt;&lt;/Bucket&gt;&lt;Bucket&gt;&lt;Name&gt;dev.jp.ingest.reutersr53.net&lt;/Name&gt;&lt;CreationDate&gt;2018-08-15T06:22:18.000Z&lt;/CreationDate&gt;&lt;/Bucket&gt;&lt;Bucket&gt;&lt;Name&gt;dev.us.ingest.reutersr53.net&lt;/Name&gt;&lt;CreationDate&gt;2019-08-15T03:34:21.000Z&lt;/CreationDate&gt;&lt;/Bucket&gt;&lt;Bucket&gt;&lt;Name&gt;dev.us.ingest.reutersr53.net.test&lt;/Name&gt;&lt;CreationDate&gt;2021-09-01T12:39:58.000Z&lt;/CreationDate&gt;&lt;/Bucket&gt;&lt;Bucket&gt;&lt;Name&gt;dev.wnemonitor.reutersconnect.com&lt;/Name&gt;&lt;CreationDate&gt;2019-03-19T12:26:06.000Z&lt;/CreationDate&gt;&lt;/Bucket&gt;&lt;Bucket&gt;&lt;Name&gt;dev2-witc-video-eu&lt;/Name&gt;&lt;CreationDate&gt;2022-06-20T15:41:53.000Z&lt;/CreationDate&gt;&lt;/Bucket&gt;&lt;Bucket&gt;&lt;Name&gt;dpp-demo-ingest-dev&lt;/Name&gt;&lt;CreationDate&gt;2019-01-22T16:03:34.000Z&lt;/CreationDate&gt;&lt;/Bucket&gt;&lt;Bucket&gt;&lt;Name&gt;dpp-demo-ingest-qa&lt;/Name&gt;&lt;CreationDate&gt;2019-01-29T16:20:45.000Z&lt;/CreationDate&gt;&lt;/Bucket&gt;&lt;Bucket&gt;&lt;Name&gt;dtc-push-mocked-gpdbservices&lt;/Name&gt;&lt;CreationDate&gt;2019-12-05T01:52:11.000Z&lt;/CreationDate&gt;&lt;/Bucket&gt;&lt;Bucket&gt;&lt;Name&gt;elasticbeanstalk-eu-west-1-552185127352&lt;/Name&gt;&lt;CreationDate&gt;2017-03-09T14:44:12.000Z&lt;/CreationDate&gt;&lt;/Bucket&gt;&lt;Bucket&gt;&lt;Name&gt;elasticbeanstalk-us-east-1-552185127352&lt;/Name&gt;&lt;CreationDate&gt;2015-11-03T05:47:28.000Z&lt;/CreationDate&gt;&lt;/Bucket&gt;&lt;Bucket&gt;&lt;Name&gt;elb-qa-jenkins-log&lt;/Name&gt;&lt;CreationDate&gt;2019-11-01T05:39:21.000Z&lt;/CreationDate&gt;&lt;/Bucket&gt;&lt;Bucket&gt;&lt;Name&gt;elb-qa-jenkins-log1&lt;/Name&gt;&lt;CreationDate&gt;2020-05-21T19:37:02.000Z&lt;/CreationDate&gt;&lt;/Bucket&gt;&lt;Bucket&gt;&lt;Name&gt;elemental-input-test&lt;/Name&gt;&lt;CreationDate&gt;2021-11-17T17:29:47.000Z&lt;/CreationDate&gt;&lt;/Bucket&gt;&lt;Bucket&gt;&lt;Name&gt;elemental-output-test&lt;/Name&gt;&lt;CreationDate&gt;2021-11-17T17:47:47.000Z&lt;/CreationDate&gt;&lt;/Bucket&gt;&lt;Bucket&gt;&lt;Name&gt;embed-log-delivery&lt;/Name&gt;&lt;CreationDate&gt;2015-02-11T04:26:49.000Z&lt;/CreationDate&gt;&lt;/Bucket&gt;&lt;Bucket&gt;&lt;Name&gt;embed-log-delivery-jp&lt;/Name&gt;&lt;CreationDate&gt;2018-05-10T02:01:09.000Z&lt;/CreationDate&gt;&lt;/Bucket&gt;&lt;Bucket&gt;&lt;Name&gt;encodation-uploader-input-dev2&lt;/Name&gt;&lt;CreationDate&gt;2019-02-08T13:41:59.000Z&lt;/CreationDate&gt;&lt;/Bucket&gt;&lt;Bucket&gt;&lt;Name&gt;encodation-uploader-input-qa&lt;/Name&gt;&lt;CreationDate&gt;2019-01-30T15:22:32.000Z&lt;/CreationDate&gt;&lt;/Bucket&gt;&lt;Bucket&gt;&lt;Name&gt;error-pages-2&lt;/Name&gt;&lt;CreationDate&gt;2019-07-10T16:01:06.000Z&lt;/CreationDate&gt;&lt;/Bucket&gt;&lt;Bucket&gt;&lt;Name&gt;eu-west-1-reuters-serverless-artifactory&lt;/Name&gt;&lt;CreationDate&gt;2017-05-02T19:21:17.000Z&lt;/CreationDate&gt;&lt;/Bucket&gt;&lt;Bucket&gt;&lt;Name&gt;eu-west-2-reuters-serverless-artifactory&lt;/Name&gt;&lt;CreationDate&gt;2018-09-21T19:24:09.000Z&lt;/CreationDate&gt;&lt;/Bucket&gt;&lt;Bucket&gt;&lt;Name&gt;eu.dev.wnemonitor.reutersconnect.com&lt;/Name&gt;&lt;CreationDate&gt;2020-01-30T14:28:22.000Z&lt;/CreationDate&gt;&lt;/Bucket&gt;&lt;Bucket&gt;&lt;Name&gt;eu.qa.wnemonitor.reutersconnect.com&lt;/Name&gt;&lt;CreationDate&gt;2020-01-31T17:00:31.000Z&lt;/CreationDate&gt;&lt;/Bucket&gt;&lt;Bucket&gt;&lt;Name&gt;face-recognition-ai&lt;/Name&gt;&lt;CreationDate&gt;2021-01-06T19:51:05.000Z&lt;/CreationDate&gt;&lt;/Bucket&gt;&lt;Bucket&gt;&lt;Name&gt;face-recognition-ui&lt;/Name&gt;&lt;CreationDate&gt;2021-01-07T18:44:51.000Z&lt;/CreationDate&gt;&lt;/Bucket&gt;&lt;Bucket&gt;&lt;Name&gt;fail-witc-s3repltest-eu&lt;/Name&gt;&lt;CreationDate&gt;2019-09-06T07:41:55.000Z&lt;/CreationDate&gt;&lt;/Bucket&gt;&lt;Bucket&gt;&lt;Name&gt;fairflowstack-fairflowconstructfairflowworkerlogs-1nj3d0za50sce&lt;/Name&gt;&lt;CreationDate&gt;2021-09-07T16:28:18.000Z&lt;/CreationDate&gt;&lt;/Bucket&gt;&lt;Bucket&gt;&lt;Name&gt;feed-ingest-577d1c9&lt;/Name&gt;&lt;CreationDate&gt;2020-06-25T11:49:59.000Z&lt;/CreationDate&gt;&lt;/Bucket&gt;&lt;Bucket&gt;&lt;Name&gt;feidemo-qa-serverlessdeploymentbucket-tp0tahxps217&lt;/Name&gt;&lt;CreationDate&gt;2018-08-21T07:14:07.000Z&lt;/CreationDate&gt;&lt;/Bucket&gt;&lt;Bucket&gt;&lt;Name&gt;fingerpost-elb&lt;/Name&gt;&lt;CreationDate&gt;2015-10-05T15:13:59.000Z&lt;/CreationDate&gt;&lt;/Bucket&gt;&lt;Bucket&gt;&lt;Name&gt;firstpythonbucket3ddbd7da-1521-460f-b9ae-17061054463d&lt;/Name&gt;&lt;CreationDate&gt;2022-07-18T08:42:56.000Z&lt;/CreationDate&gt;&lt;/Bucket&gt;&lt;Bucket&gt;&lt;Name&gt;firstpythonbucket5176ef49-0322-4d9d-b40c-8b805242c46b&lt;/Name&gt;&lt;CreationDate&gt;2022-07-18T08:31:56.000Z&lt;/CreationDate&gt;&lt;/Bucket&gt;&lt;Bucket&gt;&lt;Name&gt;gapt-documentation&lt;/Name&gt;&lt;CreationDate&gt;2020-10-01T06:18:45.000Z&lt;/CreationDate&gt;&lt;/Bucket&gt;&lt;Bucket&gt;&lt;Name&gt;google-dni-output&lt;/Name&gt;&lt;CreationDate&gt;2020-03-24T19:04:47.000Z&lt;/CreationDate&gt;&lt;/Bucket&gt;&lt;Bucket&gt;&lt;Name&gt;google-dni-phase1-backup&lt;/Name&gt;&lt;CreationDate&gt;2020-03-27T01:48:25.000Z&lt;/CreationDate&gt;&lt;/Bucket&gt;&lt;Bucket&gt;&lt;Name&gt;gpdb-qa-jenkins&lt;/Name&gt;&lt;CreationDate&gt;2018-11-22T10:53:13.000Z&lt;/CreationDate&gt;&lt;/Bucket&gt;&lt;Bucket&gt;&lt;Name&gt;gpevents-chris-serverlessdeploymentbucket-dt35llrw5ipz&lt;/Name&gt;&lt;CreationDate&gt;2018-03-15T14:25:07.000Z&lt;/CreationDate&gt;&lt;/Bucket&gt;&lt;Bucket&gt;&lt;Name&gt;hjgyvkjnhvuvs&lt;/Name&gt;&lt;CreationDate&gt;2022-07-17T08:45:50.000Z&lt;/CreationDate&gt;&lt;/Bucket&gt;&lt;Bucket&gt;&lt;Name&gt;http-mock-server-dev-serverlessdeploymentbucket-sa6i1k4g3vvg&lt;/Name&gt;&lt;CreationDate&gt;2022-06-10T16:34:20.000Z&lt;/CreationDate&gt;&lt;/Bucket&gt;&lt;Bucket&gt;&lt;Name&gt;http-push-test&lt;/Name&gt;&lt;CreationDate&gt;2020-02-05T01:48:15.000Z&lt;/CreationDate&gt;&lt;/Bucket&gt;&lt;Bucket&gt;&lt;Name&gt;iihf201706&lt;/Name&gt;&lt;CreationDate&gt;2017-06-08T08:29:01.000Z&lt;/CreationDate&gt;&lt;/Bucket&gt;&lt;Bucket&gt;&lt;Name&gt;im-romeo-test&lt;/Name&gt;&lt;CreationDate&gt;2017-10-17T19:04:08.000Z&lt;/CreationDate&gt;&lt;/Bucket&gt;&lt;Bucket&gt;&lt;Name&gt;image-review-552185127352&lt;/Name&gt;&lt;CreationDate&gt;2021-01-07T19:09:07.000Z&lt;/CreationDate&gt;&lt;/Bucket&gt;&lt;Bucket&gt;&lt;Name&gt;inews-archive-vespa&lt;/Name&gt;&lt;CreationDate&gt;2021-10-07T20:59:22.000Z&lt;/CreationDate&gt;&lt;/Bucket&gt;&lt;Bucket&gt;&lt;Name&gt;jarpiotestbucket&lt;/Name&gt;&lt;CreationDate&gt;2020-12-10T12:11:40.000Z&lt;/CreationDate&gt;&lt;/Bucket&gt;&lt;Bucket&gt;&lt;Name&gt;jenkins-reuters&lt;/Name&gt;&lt;CreationDate&gt;2019-02-27T22:59:08.000Z&lt;/CreationDate&gt;&lt;/Bucket&gt;&lt;Bucket&gt;&lt;Name&gt;jin-test-log-bucket&lt;/Name&gt;&lt;CreationDate&gt;2018-12-08T22:03:02.000Z&lt;/CreationDate&gt;&lt;/Bucket&gt;&lt;Bucket&gt;&lt;Name&gt;jks-sftp-server-test&lt;/Name&gt;&lt;CreationDate&gt;2021-10-14T13:15:48.000Z&lt;/CreationDate&gt;&lt;/Bucket&gt;&lt;Bucket&gt;&lt;Name&gt;kucmat-test&lt;/Name&gt;&lt;CreationDate&gt;2022-04-26T08:35:55.000Z&lt;/CreationDate&gt;&lt;/Bucket&gt;&lt;Bucket&gt;&lt;Name&gt;kucmat-test-archive&lt;/Name&gt;&lt;CreationDate&gt;2022-06-07T12:19:57.000Z&lt;/CreationDate&gt;&lt;/Bucket&gt;&lt;Bucket&gt;&lt;Name&gt;kucmat-test-qa&lt;/Name&gt;&lt;CreationDate&gt;2022-04-26T10:13:43.000Z&lt;/CreationDate&gt;&lt;/Bucket&gt;&lt;Bucket&gt;&lt;Name&gt;kucmat-test-target&lt;/Name&gt;&lt;CreationDate&gt;2022-06-07T12:19:41.000Z&lt;/CreationDate&gt;&lt;/Bucket&gt;&lt;Bucket&gt;&lt;Name&gt;lambda-function-bucket-us-east-1-1489943869405&lt;/Name&gt;&lt;CreationDate&gt;2017-03-19T17:17:58.000Z&lt;/CreationDate&gt;&lt;/Bucket&gt;&lt;Bucket&gt;&lt;Name&gt;lavita-public-demo-ken-delete-jan-2019&lt;/Name&gt;&lt;CreationDate&gt;2018-12-05T16:06:05.000Z&lt;/CreationDate&gt;&lt;/Bucket&gt;&lt;Bucket&gt;&lt;Name&gt;lavita-video-clipper-dev-serverlessdeploymentbuck-90crwoaigdv3&lt;/Name&gt;&lt;CreationDate&gt;2019-01-22T21:47:07.000Z&lt;/CreationDate&gt;&lt;/Bucket&gt;&lt;Bucket&gt;&lt;Name&gt;lin-temp&lt;/Name&gt;&lt;CreationDate&gt;2019-06-19T03:49:12.000Z&lt;/CreationDate&gt;&lt;/Bucket&gt;&lt;Bucket&gt;&lt;Name&gt;lives-wowza-recordings&lt;/Name&gt;&lt;CreationDate&gt;2017-11-20T15:33:02.000Z&lt;/CreationDate&gt;&lt;/Bucket&gt;&lt;Bucket&gt;&lt;Name&gt;lives-wowza-scripts&lt;/Name&gt;&lt;CreationDate&gt;2017-08-04T16:15:39.000Z&lt;/CreationDate&gt;&lt;/Bucket&gt;&lt;Bucket&gt;&lt;Name&gt;lives-wowza-update&lt;/Name&gt;&lt;CreationDate&gt;2017-08-10T10:04:15.000Z&lt;/CreationDate&gt;&lt;/Bucket&gt;&lt;Bucket&gt;&lt;Name&gt;log-core-pipeline-qa-thirdparty&lt;/Name&gt;&lt;CreationDate&gt;2019-04-01T06:28:21.000Z&lt;/CreationDate&gt;&lt;/Bucket&gt;&lt;Bucket&gt;&lt;Name&gt;london-video-wnec-encryp-serverlessdeploymentbuck-14s348z4ob7v9&lt;/Name&gt;&lt;CreationDate&gt;2021-01-18T10:29:16.000Z&lt;/CreationDate&gt;&lt;/Bucket&gt;&lt;Bucket&gt;&lt;Name&gt;london-video-wnec-encryp-serverlessdeploymentbuck-1lb6kzlr163g8&lt;/Name&gt;&lt;CreationDate&gt;2021-01-18T10:34:05.000Z&lt;/CreationDate&gt;&lt;/Bucket&gt;&lt;Bucket&gt;&lt;Name&gt;london-video-wnec-gi-repo-dev&lt;/Name&gt;&lt;CreationDate&gt;2020-09-04T07:28:08.000Z&lt;/CreationDate&gt;&lt;/Bucket&gt;&lt;Bucket&gt;&lt;Name&gt;lv-wnec-packages&lt;/Name&gt;&lt;CreationDate&gt;2020-09-01T08:18:52.000Z&lt;/CreationDate&gt;&lt;/Bucket&gt;&lt;Bucket&gt;&lt;Name&gt;mailer.api&lt;/Name&gt;&lt;CreationDate&gt;2016-03-30T05:07:37.000Z&lt;/CreationDate&gt;&lt;/Bucket&gt;&lt;Bucket&gt;&lt;Name&gt;mamolli-test&lt;/Name&gt;&lt;CreationDate&gt;2020-08-06T11:58:42.000Z&lt;/CreationDate&gt;&lt;/Bucket&gt;&lt;Bucket&gt;&lt;Name&gt;mark-spurrier.reutersr53.net&lt;/Name&gt;&lt;CreationDate&gt;2022-02-07T13:42:43.000Z&lt;/CreationDate&gt;&lt;/Bucket&gt;&lt;Bucket&gt;&lt;Name&gt;mark.spurrier.reutersr53.net&lt;/Name&gt;&lt;CreationDate&gt;2022-02-09T22:44:08.000Z&lt;/CreationDate&gt;&lt;/Bucket&gt;&lt;Bucket&gt;&lt;Name&gt;master-witc-s3repltest-upload-eu&lt;/Name&gt;&lt;CreationDate&gt;2019-09-06T07:40:54.000Z&lt;/CreationDate&gt;&lt;/Bucket&gt;&lt;Bucket&gt;&lt;Name&gt;maven-repository-wnec&lt;/Name&gt;&lt;CreationDate&gt;2019-08-14T03:14:41.000Z&lt;/CreationDate&gt;&lt;/Bucket&gt;&lt;Bucket&gt;&lt;Name&gt;medals-code&lt;/Name&gt;&lt;CreationDate&gt;2017-07-12T21:43:55.000Z&lt;/CreationDate&gt;&lt;/Bucket&gt;&lt;Bucket&gt;&lt;Name&gt;mex-mailer-dynamodb-backup-us-east-1-dev&lt;/Name&gt;&lt;CreationDate&gt;2016-06-17T18:57:58.000Z&lt;/CreationDate&gt;&lt;/Bucket&gt;&lt;Bucket&gt;&lt;Name&gt;mie-contentanalysiswebstack-m4wp4f0ikfy8-website&lt;/Name&gt;&lt;CreationDate&gt;2021-04-27T17:06:37.000Z&lt;/CreationDate&gt;&lt;/Bucket&gt;&lt;Bucket&gt;&lt;Name&gt;mie-miestack-1cujban6ximao-dataplane-agu8bqwizq5q&lt;/Name&gt;&lt;CreationDate&gt;2021-04-27T16:46:15.000Z&lt;/CreationDate&gt;&lt;/Bucket&gt;&lt;Bucket&gt;&lt;Name&gt;mie-miestack-1cujban6ximao-dataplanelogsbucket-e2ftchimsd65&lt;/Name&gt;&lt;CreationDate&gt;2021-04-27T16:45:50.000Z&lt;/CreationDate&gt;&lt;/Bucket&gt;&lt;Bucket&gt;&lt;Name&gt;ming-test-rds&lt;/Name&gt;&lt;CreationDate&gt;2018-05-03T06:52:41.000Z&lt;/CreationDate&gt;&lt;/Bucket&gt;&lt;Bucket&gt;&lt;Name&gt;mm-aws-lambda-test-dev-serverlessdeploymentbucket-1w5kldnd8ayqx&lt;/Name&gt;&lt;CreationDate&gt;2022-01-14T11:57:25.000Z&lt;/CreationDate&gt;&lt;/Bucket&gt;&lt;Bucket&gt;&lt;Name&gt;mojito-alex-test&lt;/Name&gt;&lt;CreationDate&gt;2021-05-20T12:17:34.000Z&lt;/CreationDate&gt;&lt;/Bucket&gt;&lt;Bucket&gt;&lt;Name&gt;monitor-auth-service-dev-serverlessdeploymentbuck-1iymzfdn8lqlu&lt;/Name&gt;&lt;CreationDate&gt;2020-03-31T13:59:45.000Z&lt;/CreationDate&gt;&lt;/Bucket&gt;&lt;Bucket&gt;&lt;Name&gt;monitor-req-process-dev-serverlessdeploymentbucke-1gq9pojqc7jrt&lt;/Name&gt;&lt;CreationDate&gt;2020-05-15T10:02:55.000Z&lt;/CreationDate&gt;&lt;/Bucket&gt;&lt;Bucket&gt;&lt;Name&gt;monitor-req-process-dev-serverlessdeploymentbucke-u2bzzartvrkk&lt;/Name&gt;&lt;CreationDate&gt;2020-05-13T16:10:41.000Z&lt;/CreationDate&gt;&lt;/Bucket&gt;&lt;Bucket&gt;&lt;Name&gt;monitor-req-process-qa-serverlessdeploymentbucket-1fkpxdxlg07pk&lt;/Name&gt;&lt;CreationDate&gt;2020-05-15T11:35:24.000Z&lt;/CreationDate&gt;&lt;/Bucket&gt;&lt;Bucket&gt;&lt;Name&gt;monitor-req-process3-dev-serverlessdeploymentbuck-17k1m9ussrrsz&lt;/Name&gt;&lt;CreationDate&gt;2020-03-26T18:16:46.000Z&lt;/CreationDate&gt;&lt;/Bucket&gt;&lt;Bucket&gt;&lt;Name&gt;monitor-req-process4-dev-serverlessdeploymentbuck-1b3ivmd4dcgkz&lt;/Name&gt;&lt;CreationDate&gt;2020-03-31T16:18:46.000Z&lt;/CreationDate&gt;&lt;/Bucket&gt;&lt;Bucket&gt;&lt;Name&gt;monitor-req-process5-dev-serverlessdeploymentbuck-ggqfy5fxvl92&lt;/Name&gt;&lt;CreationDate&gt;2020-04-07T11:51:57.000Z&lt;/CreationDate&gt;&lt;/Bucket&gt;&lt;Bucket&gt;&lt;Name&gt;monitor-req-process6-dev-serverlessdeploymentbuck-e0e4n2s8gsci&lt;/Name&gt;&lt;CreationDate&gt;2020-04-27T14:39:32.000Z&lt;/CreationDate&gt;&lt;/Bucket&gt;&lt;Bucket&gt;&lt;Name&gt;monitor-req-process7-dev-serverlessdeploymentbuck-jt748gwpoe5c&lt;/Name&gt;&lt;CreationDate&gt;2020-04-28T17:04:18.000Z&lt;/CreationDate&gt;&lt;/Bucket&gt;&lt;Bucket&gt;&lt;Name&gt;monitor-req-process8-dev-serverlessdeploymentbuck-1jdjgcp8s0trr&lt;/Name&gt;&lt;CreationDate&gt;2020-04-29T15:25:22.000Z&lt;/CreationDate&gt;&lt;/Bucket&gt;&lt;Bucket&gt;&lt;Name&gt;monitor-req-process9-dev-serverlessdeploymentbuck-sqrs49w8gayx&lt;/Name&gt;&lt;CreationDate&gt;2020-04-29T16:39:28.000Z&lt;/CreationDate&gt;&lt;/Bucket&gt;&lt;Bucket&gt;&lt;Name&gt;monitor-req-process9-qa-serverlessdeploymentbucke-ipmdcww5xpxm&lt;/Name&gt;&lt;CreationDate&gt;2020-05-13T15:13:27.000Z&lt;/CreationDate&gt;&lt;/Bucket&gt;&lt;Bucket&gt;&lt;Name&gt;monitor-sso-middleware-d-serverlessdeploymentbuck-1802vklkgu9xk&lt;/Name&gt;&lt;CreationDate&gt;2020-04-14T16:43:42.000Z&lt;/CreationDate&gt;&lt;/Bucket&gt;&lt;Bucket&gt;&lt;Name&gt;mspurrier-test&lt;/Name&gt;&lt;CreationDate&gt;2022-01-28T11:55:10.000Z&lt;/CreationDate&gt;&lt;/Bucket&gt;&lt;Bucket&gt;&lt;Name&gt;my-flask-app-dev-serverlessdeploymentbucket-1sf5c2a2mwxmt&lt;/Name&gt;&lt;CreationDate&gt;2018-09-06T04:57:08.000Z&lt;/CreationDate&gt;&lt;/Bucket&gt;&lt;Bucket&gt;&lt;Name&gt;my-service-dev-serverlessdeploymentbucket-1aa79mmrlp3vf&lt;/Name&gt;&lt;CreationDate&gt;2018-09-28T08:44:28.000Z&lt;/CreationDate&gt;&lt;/Bucket&gt;&lt;Bucket&gt;&lt;Name&gt;mydemobucket0099&lt;/Name&gt;&lt;CreationDate&gt;2022-07-15T12:53:37.000Z&lt;/CreationDate&gt;&lt;/Bucket&gt;&lt;Bucket&gt;&lt;Name&gt;nestedcfn-basestack-s3bucket-u477aygqabtr&lt;/Name&gt;&lt;CreationDate&gt;2018-05-29T16:14:46.000Z&lt;/CreationDate&gt;&lt;/Bucket&gt;&lt;Bucket&gt;&lt;Name&gt;nhk-files&lt;/Name&gt;&lt;CreationDate&gt;2021-03-02T20:10:10.000Z&lt;/CreationDate&gt;&lt;/Bucket&gt;&lt;Bucket&gt;&lt;Name&gt;no-replyreutersr53&lt;/Name&gt;&lt;CreationDate&gt;2018-04-10T13:13:36.000Z&lt;/CreationDate&gt;&lt;/Bucket&gt;&lt;Bucket&gt;&lt;Name&gt;paul-stimpson-temp&lt;/Name&gt;&lt;CreationDate&gt;2021-09-20T12:20:52.000Z&lt;/CreationDate&gt;&lt;/Bucket&gt;&lt;Bucket&gt;&lt;Name&gt;phil-ninjs-diff&lt;/Name&gt;&lt;CreationDate&gt;2018-02-20T11:39:58.000Z&lt;/CreationDate&gt;&lt;/Bucket&gt;&lt;Bucket&gt;&lt;Name&gt;phil-white-content-upload&lt;/Name&gt;&lt;CreationDate&gt;2016-12-06T14:06:16.000Z&lt;/CreationDate&gt;&lt;/Bucket&gt;&lt;Bucket&gt;&lt;Name&gt;philwhite-cvc-web&lt;/Name&gt;&lt;CreationDate&gt;2022-05-18T15:30:48.000Z&lt;/CreationDate&gt;&lt;/Bucket&gt;&lt;Bucket&gt;&lt;Name&gt;pipelinedata-552185127352&lt;/Name&gt;&lt;CreationDate&gt;2021-01-06T19:53:55.000Z&lt;/CreationDate&gt;&lt;/Bucket&gt;&lt;Bucket&gt;&lt;Name&gt;ppe-vic-cvc-globalui&lt;/Name&gt;&lt;CreationDate&gt;2022-06-01T09:04:49.000Z&lt;/CreationDate&gt;&lt;/Bucket&gt;&lt;Bucket&gt;&lt;Name&gt;ppe-witc-s3repltest-eu&lt;/Name&gt;&lt;CreationDate&gt;2019-09-06T07:41:25.000Z&lt;/CreationDate&gt;&lt;/Bucket&gt;&lt;Bucket&gt;&lt;Name&gt;pre-reqs-artifactbucket-10qvvne80ly3d&lt;/Name&gt;&lt;CreationDate&gt;2018-07-06T21:03:41.000Z&lt;/CreationDate&gt;&lt;/Bucket&gt;&lt;Bucket&gt;&lt;Name&gt;prod-witc-s3repltest-eu&lt;/Name&gt;&lt;CreationDate&gt;2019-09-06T07:41:38.000Z&lt;/CreationDate&gt;&lt;/Bucket&gt;&lt;Bucket&gt;&lt;Name&gt;push-dist-test-bucket&lt;/Name&gt;&lt;CreationDate&gt;2021-03-03T10:37:13.000Z&lt;/CreationDate&gt;&lt;/Bucket&gt;&lt;Bucket&gt;&lt;Name&gt;push-distributor-ppe-regression-s3&lt;/Name&gt;&lt;CreationDate&gt;2020-09-18T06:01:09.000Z&lt;/CreationDate&gt;&lt;/Bucket&gt;&lt;Bucket&gt;&lt;Name&gt;push-distributor-s3-cdf-zyppe&lt;/Name&gt;&lt;CreationDate&gt;2022-06-06T08:57:30.000Z&lt;/CreationDate&gt;&lt;/Bucket&gt;&lt;Bucket&gt;&lt;Name&gt;push-distributor-s3-g2all-zyppe&lt;/Name&gt;&lt;CreationDate&gt;2020-08-31T03:48:57.000Z&lt;/CreationDate&gt;&lt;/Bucket&gt;&lt;Bucket&gt;&lt;Name&gt;push-distributor-s3-g2high-zyppe&lt;/Name&gt;&lt;CreationDate&gt;2020-08-31T03:47:21.000Z&lt;/CreationDate&gt;&lt;/Bucket&gt;&lt;Bucket&gt;&lt;Name&gt;push-distributor-s3-g2limited-zyppe&lt;/Name&gt;&lt;CreationDate&gt;2020-08-31T03:54:07.000Z&lt;/CreationDate&gt;&lt;/Bucket&gt;&lt;Bucket&gt;&lt;Name&gt;push-distributor-s3-g2none-zyppe&lt;/Name&gt;&lt;CreationDate&gt;2020-08-31T03:56:02.000Z&lt;/CreationDate&gt;&lt;/Bucket&gt;&lt;Bucket&gt;&lt;Name&gt;push-distributor-s3-ninjsall-zyppe&lt;/Name&gt;&lt;CreationDate&gt;2021-03-04T16:16:01.000Z&lt;/CreationDate&gt;&lt;/Bucket&gt;&lt;Bucket&gt;&lt;Name&gt;push-distributor-s3-ninjshigh-zyppe&lt;/Name&gt;&lt;CreationDate&gt;2021-04-13T10:51:54.000Z&lt;/CreationDate&gt;&lt;/Bucket&gt;&lt;Bucket&gt;&lt;Name&gt;push-distributor-s3-ninjslimited-zyppe&lt;/Name&gt;&lt;CreationDate&gt;2020-08-31T04:01:24.000Z&lt;/CreationDate&gt;&lt;/Bucket&gt;&lt;Bucket&gt;&lt;Name&gt;push-distributor-s3-ninjsnone-zyppe&lt;/Name&gt;&lt;CreationDate&gt;2020-08-31T04:02:57.000Z&lt;/CreationDate&gt;&lt;/Bucket&gt;&lt;Bucket&gt;&lt;Name&gt;push-distributor-s3-rsfall-zyppe&lt;/Name&gt;&lt;CreationDate&gt;2020-08-31T04:08:39.000Z&lt;/CreationDate&gt;&lt;/Bucket&gt;&lt;Bucket&gt;&lt;Name&gt;push-distributor-s3-rsfhigh-zyppe&lt;/Name&gt;&lt;CreationDate&gt;2021-04-16T13:50:17.000Z&lt;/CreationDate&gt;&lt;/Bucket&gt;&lt;Bucket&gt;&lt;Name&gt;push-distributor-s3-rsflimited-zyppe&lt;/Name&gt;&lt;CreationDate&gt;2020-08-31T04:10:07.000Z&lt;/CreationDate&gt;&lt;/Bucket&gt;&lt;Bucket&gt;&lt;Name&gt;push-distributor-s3-rsfnone-zyppe&lt;/Name&gt;&lt;CreationDate&gt;2020-08-31T04:11:19.000Z&lt;/CreationDate&gt;&lt;/Bucket&gt;&lt;Bucket&gt;&lt;Name&gt;push-distributor-s3-test&lt;/Name&gt;&lt;CreationDate&gt;2020-07-07T18:51:32.000Z&lt;/CreationDate&gt;&lt;/Bucket&gt;&lt;Bucket&gt;&lt;Name&gt;push-distributor-s3-test-cdf&lt;/Name&gt;&lt;CreationDate&gt;2022-06-02T08:41:33.000Z&lt;/CreationDate&gt;&lt;/Bucket&gt;&lt;Bucket&gt;&lt;Name&gt;push-distributor-s3-test-g2all&lt;/Name&gt;&lt;CreationDate&gt;2020-07-09T03:15:44.000Z&lt;/CreationDate&gt;&lt;/Bucket&gt;&lt;Bucket&gt;&lt;Name&gt;push-distributor-s3-test-g2all-ppe&lt;/Name&gt;&lt;CreationDate&gt;2020-08-28T13:17:06.000Z&lt;/CreationDate&gt;&lt;/Bucket&gt;&lt;Bucket&gt;&lt;Name&gt;push-distributor-s3-test-g2high&lt;/Name&gt;&lt;CreationDate&gt;2020-07-09T03:08:20.000Z&lt;/CreationDate&gt;&lt;/Bucket&gt;&lt;Bucket&gt;&lt;Name&gt;push-distributor-s3-test-g2high-stc&lt;/Name&gt;&lt;CreationDate&gt;2020-07-09T09:18:57.000Z&lt;/CreationDate&gt;&lt;/Bucket&gt;&lt;Bucket&gt;&lt;Name&gt;push-distributor-s3-test-g2limited&lt;/Name&gt;&lt;CreationDate&gt;2020-07-09T03:14:25.000Z&lt;/CreationDate&gt;&lt;/Bucket&gt;&lt;Bucket&gt;&lt;Name&gt;push-distributor-s3-test-g2none&lt;/Name&gt;&lt;CreationDate&gt;2020-07-09T03:13:23.000Z&lt;/CreationDate&gt;&lt;/Bucket&gt;&lt;Bucket&gt;&lt;Name&gt;push-distributor-s3-test-iimnone&lt;/Name&gt;&lt;CreationDate&gt;2020-07-09T06:35:21.000Z&lt;/CreationDate&gt;&lt;/Bucket&gt;&lt;Bucket&gt;&lt;Name&gt;push-distributor-s3-test-ninjsall&lt;/Name&gt;&lt;CreationDate&gt;2020-07-09T06:32:43.000Z&lt;/CreationDate&gt;&lt;/Bucket&gt;&lt;Bucket&gt;&lt;Name&gt;push-distributor-s3-test-ninjshigh&lt;/Name&gt;&lt;CreationDate&gt;2020-07-09T06:33:09.000Z&lt;/CreationDate&gt;&lt;/Bucket&gt;&lt;Bucket&gt;&lt;Name&gt;push-distributor-s3-test-ninjslimited&lt;/Name&gt;&lt;CreationDate&gt;2020-07-09T06:33:30.000Z&lt;/CreationDate&gt;&lt;/Bucket&gt;&lt;Bucket&gt;&lt;Name&gt;push-distributor-s3-test-ninjsnone&lt;/Name&gt;&lt;CreationDate&gt;2020-07-09T06:32:04.000Z&lt;/CreationDate&gt;&lt;/Bucket&gt;&lt;Bucket&gt;&lt;Name&gt;push-distributor-s3-test-ppe-password&lt;/Name&gt;&lt;CreationDate&gt;2020-08-29T06:55:58.000Z&lt;/CreationDate&gt;&lt;/Bucket&gt;&lt;Bucket&gt;&lt;Name&gt;push-distributor-s3-test-rsfall&lt;/Name&gt;&lt;CreationDate&gt;2020-07-09T06:33:49.000Z&lt;/CreationDate&gt;&lt;/Bucket&gt;&lt;Bucket&gt;&lt;Name&gt;push-distributor-s3-test-rsfhigh&lt;/Name&gt;&lt;CreationDate&gt;2020-07-09T06:34:46.000Z&lt;/CreationDate&gt;&lt;/Bucket&gt;&lt;Bucket&gt;&lt;Name&gt;push-distributor-s3-test-rsflimited&lt;/Name&gt;&lt;CreationDate&gt;2020-07-09T06:34:28.000Z&lt;/CreationDate&gt;&lt;/Bucket&gt;&lt;Bucket&gt;&lt;Name&gt;push-distributor-s3-test-rsfnone&lt;/Name&gt;&lt;CreationDate&gt;2020-07-09T06:34:09.000Z&lt;/CreationDate&gt;&lt;/Bucket&gt;&lt;Bucket&gt;&lt;Name&gt;push-distributor-s3-test-user141611&lt;/Name&gt;&lt;CreationDate&gt;2020-07-08T02:39:55.000Z&lt;/CreationDate&gt;&lt;/Bucket&gt;&lt;Bucket&gt;&lt;Name&gt;push-distributor-sftp-test&lt;/Name&gt;&lt;CreationDate&gt;2020-07-07T13:00:37.000Z&lt;/CreationDate&gt;&lt;/Bucket&gt;&lt;Bucket&gt;&lt;Name&gt;push-distributor-sftp-test-ppe&lt;/Name&gt;&lt;CreationDate&gt;2020-08-28T14:01:08.000Z&lt;/CreationDate&gt;&lt;/Bucket&gt;&lt;Bucket&gt;&lt;Name&gt;pushdeletedeps&lt;/Name&gt;&lt;CreationDate&gt;2020-12-24T12:43:27.000Z&lt;/CreationDate&gt;&lt;/Bucket&gt;&lt;Bucket&gt;&lt;Name&gt;qa-archive-ninjs-input&lt;/Name&gt;&lt;CreationDate&gt;2016-04-11T11:39:13.000Z&lt;/CreationDate&gt;&lt;/Bucket&gt;&lt;Bucket&gt;&lt;Name&gt;qa-archive-ninjs-input-beta&lt;/Name&gt;&lt;CreationDate&gt;2018-01-30T17:14:21.000Z&lt;/CreationDate&gt;&lt;/Bucket&gt;&lt;Bucket&gt;&lt;Name&gt;qa-archive-ninjs-input-no-video-processing&lt;/Name&gt;&lt;CreationDate&gt;2016-05-07T16:22:46.000Z&lt;/CreationDate&gt;&lt;/Bucket&gt;&lt;Bucket&gt;&lt;Name&gt;qa-archive-ninjs-input-update&lt;/Name&gt;&lt;CreationDate&gt;2018-06-20T12:19:53.000Z&lt;/CreationDate&gt;&lt;/Bucket&gt;&lt;Bucket&gt;&lt;Name&gt;qa-cloudtrail-aws-logs&lt;/Name&gt;&lt;CreationDate&gt;2018-04-18T10:32:14.000Z&lt;/CreationDate&gt;&lt;/Bucket&gt;&lt;Bucket&gt;&lt;Name&gt;qa-dmz-config&lt;/Name&gt;&lt;CreationDate&gt;2019-12-02T16:26:16.000Z&lt;/CreationDate&gt;&lt;/Bucket&gt;&lt;Bucket&gt;&lt;Name&gt;qa-embed-log-delivery-eu&lt;/Name&gt;&lt;CreationDate&gt;2015-09-07T08:48:03.000Z&lt;/CreationDate&gt;&lt;/Bucket&gt;&lt;Bucket&gt;&lt;Name&gt;qa-insync-transcode&lt;/Name&gt;&lt;CreationDate&gt;2017-07-07T08:17:27.000Z&lt;/CreationDate&gt;&lt;/Bucket&gt;&lt;Bucket&gt;&lt;Name&gt;qa-insync-transcode-config&lt;/Name&gt;&lt;CreationDate&gt;2017-07-11T12:43:37.000Z&lt;/CreationDate&gt;&lt;/Bucket&gt;&lt;Bucket&gt;&lt;Name&gt;qa-lives-kinesis-streams&lt;/Name&gt;&lt;CreationDate&gt;2017-10-09T16:02:32.000Z&lt;/CreationDate&gt;&lt;/Bucket&gt;&lt;Bucket&gt;&lt;Name&gt;qa-lives-wowza-config&lt;/Name&gt;&lt;CreationDate&gt;2017-09-12T13:31:57.000Z&lt;/CreationDate&gt;&lt;/Bucket&gt;&lt;Bucket&gt;&lt;Name&gt;qa-reuters-datadog&lt;/Name&gt;&lt;CreationDate&gt;2019-01-16T10:31:12.000Z&lt;/CreationDate&gt;&lt;/Bucket&gt;&lt;Bucket&gt;&lt;Name&gt;qa-reuters-lives-accesslogs-eu-alb&lt;/Name&gt;&lt;CreationDate&gt;2018-05-31T10:22:57.000Z&lt;/CreationDate&gt;&lt;/Bucket&gt;&lt;Bucket&gt;&lt;Name&gt;qa-reuters-lives-accesslogs-us-alb&lt;/Name&gt;&lt;CreationDate&gt;2018-05-31T10:22:31.000Z&lt;/CreationDate&gt;&lt;/Bucket&gt;&lt;Bucket&gt;&lt;Name&gt;qa-reuters-lives-alb-logs&lt;/Name&gt;&lt;CreationDate&gt;2017-07-26T09:51:24.000Z&lt;/CreationDate&gt;&lt;/Bucket&gt;&lt;Bucket&gt;&lt;Name&gt;qa-reuterslives-nginx-conf&lt;/Name&gt;&lt;CreationDate&gt;2018-07-05T12:12:17.000Z&lt;/CreationDate&gt;&lt;/Bucket&gt;&lt;Bucket&gt;&lt;Name&gt;qa-reuterslives-preview-conf&lt;/Name&gt;&lt;CreationDate&gt;2017-10-10T11:18:38.000Z&lt;/CreationDate&gt;&lt;/Bucket&gt;&lt;Bucket&gt;&lt;Name&gt;qa-reuterslives-preview-conf-us&lt;/Name&gt;&lt;CreationDate&gt;2018-07-24T07:49:17.000Z&lt;/CreationDate&gt;&lt;/Bucket&gt;&lt;Bucket&gt;&lt;Name&gt;qa-reuterslives-preview-site&lt;/Name&gt;&lt;CreationDate&gt;2017-10-10T11:18:50.000Z&lt;/CreationDate&gt;&lt;/Bucket&gt;&lt;Bucket&gt;&lt;Name&gt;qa-reuterslives-preview-site-us&lt;/Name&gt;&lt;CreationDate&gt;2018-07-24T07:49:26.000Z&lt;/CreationDate&gt;&lt;/Bucket&gt;&lt;Bucket&gt;&lt;Name&gt;qa-rlsp-wowza&lt;/Name&gt;&lt;CreationDate&gt;2017-11-16T08:37:25.000Z&lt;/CreationDate&gt;&lt;/Bucket&gt;&lt;Bucket&gt;&lt;Name&gt;qa-script-samples&lt;/Name&gt;&lt;CreationDate&gt;2019-01-03T11:25:17.000Z&lt;/CreationDate&gt;&lt;/Bucket&gt;&lt;Bucket&gt;&lt;Name&gt;qa-single-platform-corefetcher-test-rss&lt;/Name&gt;&lt;CreationDate&gt;2018-10-18T13:45:01.000Z&lt;/CreationDate&gt;&lt;/Bucket&gt;&lt;Bucket&gt;&lt;Name&gt;qa-single-platform-ingestion-config&lt;/Name&gt;&lt;CreationDate&gt;2017-02-08T12:09:54.000Z&lt;/CreationDate&gt;&lt;/Bucket&gt;&lt;Bucket&gt;&lt;Name&gt;qa-single-platform-ninjs-ingestion&lt;/Name&gt;&lt;CreationDate&gt;2016-11-22T13:06:09.000Z&lt;/CreationDate&gt;&lt;/Bucket&gt;&lt;Bucket&gt;&lt;Name&gt;qa-test-marcin-botocore3&lt;/Name&gt;&lt;CreationDate&gt;2020-03-04T14:00:43.000Z&lt;/CreationDate&gt;&lt;/Bucket&gt;&lt;Bucket&gt;&lt;Name&gt;qa-tr-agency-mex-event-log&lt;/Name&gt;&lt;CreationDate&gt;2015-10-26T16:00:34.000Z&lt;/CreationDate&gt;&lt;/Bucket&gt;&lt;Bucket&gt;&lt;Name&gt;qa-tr-agency-reporting-lambda&lt;/Name&gt;&lt;CreationDate&gt;2017-04-27T21:08:31.000Z&lt;/CreationDate&gt;&lt;/Bucket&gt;&lt;Bucket&gt;&lt;Name&gt;qa-tr-content-archive-reporting-retries&lt;/Name&gt;&lt;CreationDate&gt;2017-04-27T21:13:33.000Z&lt;/CreationDate&gt;&lt;/Bucket&gt;&lt;Bucket&gt;&lt;Name&gt;qa-tr-content-archive-video-eu&lt;/Name&gt;&lt;CreationDate&gt;2015-07-23T09:40:46.000Z&lt;/CreationDate&gt;&lt;/Bucket&gt;&lt;Bucket&gt;&lt;Name&gt;qa-tr-content-archive-video-us&lt;/Name&gt;&lt;CreationDate&gt;2015-07-23T09:41:21.000Z&lt;/CreationDate&gt;&lt;/Bucket&gt;&lt;Bucket&gt;&lt;Name&gt;qa-tr-content-archive-video-us-glacier-test&lt;/Name&gt;&lt;CreationDate&gt;2017-03-17T10:00:45.000Z&lt;/CreationDate&gt;&lt;/Bucket&gt;&lt;Bucket&gt;&lt;Name&gt;qa-tr-public-eu&lt;/Name&gt;&lt;CreationDate&gt;2015-07-17T15:03:28.000Z&lt;/CreationDate&gt;&lt;/Bucket&gt;&lt;Bucket&gt;&lt;Name&gt;qa-tr-public-us&lt;/Name&gt;&lt;CreationDate&gt;2015-07-17T15:03:35.000Z&lt;/CreationDate&gt;&lt;/Bucket&gt;&lt;Bucket&gt;&lt;Name&gt;qa-tr-wne-test-files&lt;/Name&gt;&lt;CreationDate&gt;2017-09-05T12:11:34.000Z&lt;/CreationDate&gt;&lt;/Bucket&gt;&lt;Bucket&gt;&lt;Name&gt;qa-tr-wne-xuetest&lt;/Name&gt;&lt;CreationDate&gt;2020-09-29T08:09:31.000Z&lt;/CreationDate&gt;&lt;/Bucket&gt;&lt;Bucket&gt;&lt;Name&gt;qa-video-samples&lt;/Name&gt;&lt;CreationDate&gt;2019-01-03T11:20:45.000Z&lt;/CreationDate&gt;&lt;/Bucket&gt;&lt;Bucket&gt;&lt;Name&gt;qa-vre-dropout-eu&lt;/Name&gt;&lt;CreationDate&gt;2020-07-23T15:28:55.000Z&lt;/CreationDate&gt;&lt;/Bucket&gt;&lt;Bucket&gt;&lt;Name&gt;qa-witc-perm-eu&lt;/Name&gt;&lt;CreationDate&gt;2019-03-19T13:34:47.000Z&lt;/CreationDate&gt;&lt;/Bucket&gt;&lt;Bucket&gt;&lt;Name&gt;qa-witc-perm-us&lt;/Name&gt;&lt;CreationDate&gt;2019-03-19T13:35:22.000Z&lt;/CreationDate&gt;&lt;/Bucket&gt;&lt;Bucket&gt;&lt;Name&gt;qa-witc-s3repltest-eu&lt;/Name&gt;&lt;CreationDate&gt;2019-09-06T07:41:15.000Z&lt;/CreationDate&gt;&lt;/Bucket&gt;&lt;Bucket&gt;&lt;Name&gt;qa-witc-video-eu&lt;/Name&gt;&lt;CreationDate&gt;2018-07-25T12:40:38.000Z&lt;/CreationDate&gt;&lt;/Bucket&gt;&lt;Bucket&gt;&lt;Name&gt;qa-wne-headend-perms&lt;/Name&gt;&lt;CreationDate&gt;2017-07-27T09:10:08.000Z&lt;/CreationDate&gt;&lt;/Bucket&gt;&lt;Bucket&gt;&lt;Name&gt;qa-wne-monitor-frontend-serverlessdeploymentbuck-4spzwtqm5dqy&lt;/Name&gt;&lt;CreationDate&gt;2018-12-17T11:57:23.000Z&lt;/CreationDate&gt;&lt;/Bucket&gt;&lt;Bucket&gt;&lt;Name&gt;qa-wne-monitor-frontend-serverlessdeploymentbuck-ip033q1ttidz&lt;/Name&gt;&lt;CreationDate&gt;2018-12-17T11:50:00.000Z&lt;/CreationDate&gt;&lt;/Bucket&gt;&lt;Bucket&gt;&lt;Name&gt;qa-wne-video-file-comparison&lt;/Name&gt;&lt;CreationDate&gt;2018-05-22T09:19:17.000Z&lt;/CreationDate&gt;&lt;/Bucket&gt;&lt;Bucket&gt;&lt;Name&gt;qa.ingest.reutersr53.net&lt;/Name&gt;&lt;CreationDate&gt;2018-10-15T02:31:20.000Z&lt;/CreationDate&gt;&lt;/Bucket&gt;&lt;Bucket&gt;&lt;Name&gt;qa.jp.ingest.reutersr53.net&lt;/Name&gt;&lt;CreationDate&gt;2019-10-14T09:39:56.000Z&lt;/CreationDate&gt;&lt;/Bucket&gt;&lt;Bucket&gt;&lt;Name&gt;qa2-witc-video-eu&lt;/Name&gt;&lt;CreationDate&gt;2022-06-16T10:16:56.000Z&lt;/CreationDate&gt;&lt;/Bucket&gt;&lt;Bucket&gt;&lt;Name&gt;qatools-taiga-backups&lt;/Name&gt;&lt;CreationDate&gt;2017-04-04T18:20:09.000Z&lt;/CreationDate&gt;&lt;/Bucket&gt;&lt;Bucket&gt;&lt;Name&gt;rce-push-monitoring-admin-website-dev-us-east-1&lt;/Name&gt;&lt;CreationDate&gt;2020-10-21T10:15:08.000Z&lt;/CreationDate&gt;&lt;/Bucket&gt;&lt;Bucket&gt;&lt;Name&gt;rce-push-monitoring-admin-website-qa-ap-northeast-1&lt;/Name&gt;&lt;CreationDate&gt;2022-03-11T22:23:30.000Z&lt;/CreationDate&gt;&lt;/Bucket&gt;&lt;Bucket&gt;&lt;Name&gt;rce-push-monitoring-admin-website-qa-us-east-1&lt;/Name&gt;&lt;CreationDate&gt;2020-10-30T13:28:38.000Z&lt;/CreationDate&gt;&lt;/Bucket&gt;&lt;Bucket&gt;&lt;Name&gt;rce-push-monitoring-website-dev-us-east-1&lt;/Name&gt;&lt;CreationDate&gt;2020-09-04T15:40:15.000Z&lt;/CreationDate&gt;&lt;/Bucket&gt;&lt;Bucket&gt;&lt;Name&gt;rce-push-monitoring-website-qa-ap-northeast-1&lt;/Name&gt;&lt;CreationDate&gt;2022-03-11T22:21:33.000Z&lt;/CreationDate&gt;&lt;/Bucket&gt;&lt;Bucket&gt;&lt;Name&gt;rce-push-monitoring-website-qa-us-east-1&lt;/Name&gt;&lt;CreationDate&gt;2020-08-25T04:32:22.000Z&lt;/CreationDate&gt;&lt;/Bucket&gt;&lt;Bucket&gt;&lt;Name&gt;rcon-gpdb-mock-dev&lt;/Name&gt;&lt;CreationDate&gt;2018-03-02T06:25:45.000Z&lt;/CreationDate&gt;&lt;/Bucket&gt;&lt;Bucket&gt;&lt;Name&gt;rcon-gpdb-mock-qa&lt;/Name&gt;&lt;CreationDate&gt;2018-03-01T01:26:38.000Z&lt;/CreationDate&gt;&lt;/Bucket&gt;&lt;Bucket&gt;&lt;Name&gt;rcon-images-original-archive-us-dev&lt;/Name&gt;&lt;CreationDate&gt;2021-12-01T23:38:48.000Z&lt;/CreationDate&gt;&lt;/Bucket&gt;&lt;Bucket&gt;&lt;Name&gt;rcon-images-original-archive-us-qa&lt;/Name&gt;&lt;CreationDate&gt;2021-12-01T23:44:29.000Z&lt;/CreationDate&gt;&lt;/Bucket&gt;&lt;Bucket&gt;&lt;Name&gt;rcon-images-original-archive-us-qa1&lt;/Name&gt;&lt;CreationDate&gt;2022-06-15T04:52:08.000Z&lt;/CreationDate&gt;&lt;/Bucket&gt;&lt;Bucket&gt;&lt;Name&gt;rcon-searcher-data-qa-us-east-1&lt;/Name&gt;&lt;CreationDate&gt;2021-12-14T19:10:39.000Z&lt;/CreationDate&gt;&lt;/Bucket&gt;&lt;Bucket&gt;&lt;Name&gt;rcon-searcher7-data-dev-us-east-1&lt;/Name&gt;&lt;CreationDate&gt;2021-04-17T03:37:21.000Z&lt;/CreationDate&gt;&lt;/Bucket&gt;&lt;Bucket&gt;&lt;Name&gt;rcon-searcher7-data-qa-us-east-1&lt;/Name&gt;&lt;CreationDate&gt;2021-04-12T20:21:01.000Z&lt;/CreationDate&gt;&lt;/Bucket&gt;&lt;Bucket&gt;&lt;Name&gt;rcon-temp-main&lt;/Name&gt;&lt;CreationDate&gt;2017-01-19T09:01:41.000Z&lt;/CreationDate&gt;&lt;/Bucket&gt;&lt;Bucket&gt;&lt;Name&gt;rcon-veracode-scan-repo&lt;/Name&gt;&lt;CreationDate&gt;2021-07-16T01:44:59.000Z&lt;/CreationDate&gt;&lt;/Bucket&gt;&lt;Bucket&gt;&lt;Name&gt;rcp-datapatch-logs-qa-ap-northeast-1&lt;/Name&gt;&lt;CreationDate&gt;2021-10-11T12:10:17.000Z&lt;/CreationDate&gt;&lt;/Bucket&gt;&lt;Bucket&gt;&lt;Name&gt;rcp-datapatch-logs-qa-us-east-1&lt;/Name&gt;&lt;CreationDate&gt;2021-10-11T12:09:18.000Z&lt;/CreationDate&gt;&lt;/Bucket&gt;&lt;Bucket&gt;&lt;Name&gt;rcp-repo-backups&lt;/Name&gt;&lt;CreationDate&gt;2022-02-27T20:06:49.000Z&lt;/CreationDate&gt;&lt;/Bucket&gt;&lt;Bucket&gt;&lt;Name&gt;rcp-stock-download-qa-us-east-1&lt;/Name&gt;&lt;CreationDate&gt;2021-03-26T16:09:49.000Z&lt;/CreationDate&gt;&lt;/Bucket&gt;&lt;Bucket&gt;&lt;Name&gt;rcp-stock-download-qa1-us-east-1&lt;/Name&gt;&lt;CreationDate&gt;2021-03-17T10:23:33.000Z&lt;/CreationDate&gt;&lt;/Bucket&gt;&lt;Bucket&gt;&lt;Name&gt;rcp-stock-download-qa2-us-east-1&lt;/Name&gt;&lt;CreationDate&gt;2021-03-25T10:20:26.000Z&lt;/CreationDate&gt;&lt;/Bucket&gt;&lt;Bucket&gt;&lt;Name&gt;rcp-stock-download-qa3-us-east-1&lt;/Name&gt;&lt;CreationDate&gt;2021-03-16T12:35:23.000Z&lt;/CreationDate&gt;&lt;/Bucket&gt;&lt;Bucket&gt;&lt;Name&gt;rcp-terraform-status&lt;/Name&gt;&lt;CreationDate&gt;2021-10-12T16:14:50.000Z&lt;/CreationDate&gt;&lt;/Bucket&gt;&lt;Bucket&gt;&lt;Name&gt;rcp-web-qa-qa2-access-logs&lt;/Name&gt;&lt;CreationDate&gt;2022-01-05T15:51:42.000Z&lt;/CreationDate&gt;&lt;/Bucket&gt;&lt;Bucket&gt;&lt;Name&gt;rcpjenkins&lt;/Name&gt;&lt;CreationDate&gt;2019-11-02T09:05:35.000Z&lt;/CreationDate&gt;&lt;/Bucket&gt;&lt;Bucket&gt;&lt;Name&gt;rcqa-jenkins-backup&lt;/Name&gt;&lt;CreationDate&gt;2019-06-04T07:48:40.000Z&lt;/CreationDate&gt;&lt;/Bucket&gt;&lt;Bucket&gt;&lt;Name&gt;rcqa-test-data&lt;/Name&gt;&lt;CreationDate&gt;2022-03-16T09:23:37.000Z&lt;/CreationDate&gt;&lt;/Bucket&gt;&lt;Bucket&gt;&lt;Name&gt;restonops-main&lt;/Name&gt;&lt;CreationDate&gt;2018-09-06T13:36:57.000Z&lt;/CreationDate&gt;&lt;/Bucket&gt;&lt;Bucket&gt;&lt;Name&gt;reuters-connect-install-package&lt;/Name&gt;&lt;CreationDate&gt;2019-10-09T08:21:24.000Z&lt;/CreationDate&gt;&lt;/Bucket&gt;&lt;Bucket&gt;&lt;Name&gt;reuters-elections-archive&lt;/Name&gt;&lt;CreationDate&gt;2015-05-27T16:26:59.000Z&lt;/CreationDate&gt;&lt;/Bucket&gt;&lt;Bucket&gt;&lt;Name&gt;reuters-immersion-day&lt;/Name&gt;&lt;CreationDate&gt;2019-01-02T11:46:45.000Z&lt;/CreationDate&gt;&lt;/Bucket&gt;&lt;Bucket&gt;&lt;Name&gt;reuters-main-samples&lt;/Name&gt;&lt;CreationDate&gt;2021-01-07T22:30:24.000Z&lt;/CreationDate&gt;&lt;/Bucket&gt;&lt;Bucket&gt;&lt;Name&gt;reuters-sony-poc&lt;/Name&gt;&lt;CreationDate&gt;2017-05-30T12:53:46.000Z&lt;/CreationDate&gt;&lt;/Bucket&gt;&lt;Bucket&gt;&lt;Name&gt;reuters-text-archive&lt;/Name&gt;&lt;CreationDate&gt;2017-11-21T20:44:25.000Z&lt;/CreationDate&gt;&lt;/Bucket&gt;&lt;Bucket&gt;&lt;Name&gt;reuters-video-transcode-serverlessdeploymentbuck-rwl78bijnyj5&lt;/Name&gt;&lt;CreationDate&gt;2020-07-14T14:55:22.000Z&lt;/CreationDate&gt;&lt;/Bucket&gt;&lt;Bucket&gt;&lt;Name&gt;reuters.connect&lt;/Name&gt;&lt;CreationDate&gt;2015-03-12T19:10:09.000Z&lt;/CreationDate&gt;&lt;/Bucket&gt;&lt;Bucket&gt;&lt;Name&gt;reuters.connect.analytics.qa-us-east-1&lt;/Name&gt;&lt;CreationDate&gt;2018-05-25T16:09:46.000Z&lt;/CreationDate&gt;&lt;/Bucket&gt;&lt;Bucket&gt;&lt;Name&gt;reuters.medals-widget&lt;/Name&gt;&lt;CreationDate&gt;2017-02-27T18:46:09.000Z&lt;/CreationDate&gt;&lt;/Bucket&gt;&lt;Bucket&gt;&lt;Name&gt;reuters.mex&lt;/Name&gt;&lt;CreationDate&gt;2015-01-30T16:28:05.000Z&lt;/CreationDate&gt;&lt;/Bucket&gt;&lt;Bucket&gt;&lt;Name&gt;reuters.mex.cost_center_extension&lt;/Name&gt;&lt;CreationDate&gt;2014-07-01T18:33:12.000Z&lt;/CreationDate&gt;&lt;/Bucket&gt;&lt;Bucket&gt;&lt;Name&gt;reuters.mex.embed&lt;/Name&gt;&lt;CreationDate&gt;2015-02-25T20:46:10.000Z&lt;/CreationDate&gt;&lt;/Bucket&gt;&lt;Bucket&gt;&lt;Name&gt;rneshta-test&lt;/Name&gt;&lt;CreationDate&gt;2021-09-13T14:01:27.000Z&lt;/CreationDate&gt;&lt;/Bucket&gt;&lt;Bucket&gt;&lt;Name&gt;romanj&lt;/Name&gt;&lt;CreationDate&gt;2020-05-22T12:45:37.000Z&lt;/CreationDate&gt;&lt;/Bucket&gt;&lt;Bucket&gt;&lt;Name&gt;rpc-cf-templates&lt;/Name&gt;&lt;CreationDate&gt;2020-08-11T12:43:39.000Z&lt;/CreationDate&gt;&lt;/Bucket&gt;&lt;Bucket&gt;&lt;Name&gt;rpc-transaction-upload-d-serverlessdeploymentbuck-149vt6lpgsxbd&lt;/Name&gt;&lt;CreationDate&gt;2020-09-24T16:37:29.000Z&lt;/CreationDate&gt;&lt;/Bucket&gt;&lt;Bucket&gt;&lt;Name&gt;rpc-transaction-upload-d-serverlessdeploymentbuck-1s0sur1k8gk06&lt;/Name&gt;&lt;CreationDate&gt;2020-09-21T20:42:58.000Z&lt;/CreationDate&gt;&lt;/Bucket&gt;&lt;Bucket&gt;&lt;Name&gt;rpc-transaction-upload-d-serverlessdeploymentbuck-zwvic9oimq9l&lt;/Name&gt;&lt;CreationDate&gt;2020-09-24T20:25:19.000Z&lt;/CreationDate&gt;&lt;/Bucket&gt;&lt;Bucket&gt;&lt;Name&gt;rpc-transaction-upload-r-serverlessdeploymentbuck-12wcke0ssqmx4&lt;/Name&gt;&lt;CreationDate&gt;2020-09-25T14:11:10.000Z&lt;/CreationDate&gt;&lt;/Bucket&gt;&lt;Bucket&gt;&lt;Name&gt;rpc-transaction-upload-s-serverlessdeploymentbuck-1jl5rk4l2pw8d&lt;/Name&gt;&lt;CreationDate&gt;2020-09-29T12:34:09.000Z&lt;/CreationDate&gt;&lt;/Bucket&gt;&lt;Bucket&gt;&lt;Name&gt;rtc-arch-bucket&lt;/Name&gt;&lt;CreationDate&gt;2021-03-19T15:13:16.000Z&lt;/CreationDate&gt;&lt;/Bucket&gt;&lt;Bucket&gt;&lt;Name&gt;rtrsct-sandboxing-dev-serverlessdeploymentbucket-1mq30k30jsb6g&lt;/Name&gt;&lt;CreationDate&gt;2020-10-27T10:01:10.000Z&lt;/CreationDate&gt;&lt;/Bucket&gt;&lt;Bucket&gt;&lt;Name&gt;s3-logs-reuters-main&lt;/Name&gt;&lt;CreationDate&gt;2019-04-15T17:00:26.000Z&lt;/CreationDate&gt;&lt;/Bucket&gt;&lt;Bucket&gt;&lt;Name&gt;s3-replication-general-test1-dev&lt;/Name&gt;&lt;CreationDate&gt;2021-12-02T11:29:35.000Z&lt;/CreationDate&gt;&lt;/Bucket&gt;&lt;Bucket&gt;&lt;Name&gt;s3-replication-general-test2-dev&lt;/Name&gt;&lt;CreationDate&gt;2021-12-02T11:30:29.000Z&lt;/CreationDate&gt;&lt;/Bucket&gt;&lt;Bucket&gt;&lt;Name&gt;s3-replication-general-test3-dev&lt;/Name&gt;&lt;CreationDate&gt;2021-12-02T11:31:09.000Z&lt;/CreationDate&gt;&lt;/Bucket&gt;&lt;Bucket&gt;&lt;Name&gt;s3-replication-general-test4-dev&lt;/Name&gt;&lt;CreationDate&gt;2021-12-02T11:34:19.000Z&lt;/CreationDate&gt;&lt;/Bucket&gt;&lt;Bucket&gt;&lt;Name&gt;sagemaker-studio-0sz5hir7x8oo&lt;/Name&gt;&lt;CreationDate&gt;2021-05-12T13:45:49.000Z&lt;/CreationDate&gt;&lt;/Bucket&gt;&lt;Bucket&gt;&lt;Name&gt;sagemaker-us-east-1-552185127352&lt;/Name&gt;&lt;CreationDate&gt;2021-01-29T20:02:55.000Z&lt;/CreationDate&gt;&lt;/Bucket&gt;&lt;Bucket&gt;&lt;Name&gt;sales.reuters.com&lt;/Name&gt;&lt;CreationDate&gt;2017-12-05T18:30:33.000Z&lt;/CreationDate&gt;&lt;/Bucket&gt;&lt;Bucket&gt;&lt;Name&gt;serverless-rest-api-with-serverlessdeploymentbuck-1azo9j1qo58q9&lt;/Name&gt;&lt;CreationDate&gt;2018-02-28T19:23:39.000Z&lt;/CreationDate&gt;&lt;/Bucket&gt;&lt;Bucket&gt;&lt;Name&gt;serverless-tutorial-dev-serverlessdeploymentbucke-1u3lew54ipm4o&lt;/Name&gt;&lt;CreationDate&gt;2018-01-24T16:08:42.000Z&lt;/CreationDate&gt;&lt;/Bucket&gt;&lt;Bucket&gt;&lt;Name&gt;serverlessdeploy-eu-west-1&lt;/Name&gt;&lt;CreationDate&gt;2018-02-27T15:16:25.000Z&lt;/CreationDate&gt;&lt;/Bucket&gt;&lt;Bucket&gt;&lt;Name&gt;serverlessdeploy-us-east-1&lt;/Name&gt;&lt;CreationDate&gt;2018-02-27T15:17:12.000Z&lt;/CreationDate&gt;&lt;/Bucket&gt;&lt;Bucket&gt;&lt;Name&gt;sftp-zuora&lt;/Name&gt;&lt;CreationDate&gt;2020-05-12T08:23:22.000Z&lt;/CreationDate&gt;&lt;/Bucket&gt;&lt;Bucket&gt;&lt;Name&gt;software-wne-client-installer-qa&lt;/Name&gt;&lt;CreationDate&gt;2020-11-09T08:48:14.000Z&lt;/CreationDate&gt;&lt;/Bucket&gt;&lt;Bucket&gt;&lt;Name&gt;sse-test-bucket-rcon11545-aws-sse-kms&lt;/Name&gt;&lt;CreationDate&gt;2021-03-12T10:41:01.000Z&lt;/CreationDate&gt;&lt;/Bucket&gt;&lt;Bucket&gt;&lt;Name&gt;sse-test-bucket-rcon11545-no-sse&lt;/Name&gt;&lt;CreationDate&gt;2021-03-12T11:38:51.000Z&lt;/CreationDate&gt;&lt;/Bucket&gt;&lt;Bucket&gt;&lt;Name&gt;sse-test-bucket-rcon11545-sse-s3&lt;/Name&gt;&lt;CreationDate&gt;2021-03-12T10:28:56.000Z&lt;/CreationDate&gt;&lt;/Bucket&gt;&lt;Bucket&gt;&lt;Name&gt;stc-push-mocked-gpdbservices&lt;/Name&gt;&lt;CreationDate&gt;2019-12-05T02:01:19.000Z&lt;/CreationDate&gt;&lt;/Bucket&gt;&lt;Bucket&gt;&lt;Name&gt;story-cluster-alb&lt;/Name&gt;&lt;CreationDate&gt;2020-05-11T01:50:31.000Z&lt;/CreationDate&gt;&lt;/Bucket&gt;&lt;Bucket&gt;&lt;Name&gt;terraform-up-and-running-state-eu-west-1&lt;/Name&gt;&lt;CreationDate&gt;2020-05-13T01:13:25.000Z&lt;/CreationDate&gt;&lt;/Bucket&gt;&lt;Bucket&gt;&lt;Name&gt;test-custom-faces&lt;/Name&gt;&lt;CreationDate&gt;2021-12-08T10:02:55.000Z&lt;/CreationDate&gt;&lt;/Bucket&gt;&lt;Bucket&gt;&lt;Name&gt;test-gpdb-6972&lt;/Name&gt;&lt;CreationDate&gt;2020-05-21T07:15:58.000Z&lt;/CreationDate&gt;&lt;/Bucket&gt;&lt;Bucket&gt;&lt;Name&gt;test-jack-test&lt;/Name&gt;&lt;CreationDate&gt;2019-04-12T08:02:52.000Z&lt;/CreationDate&gt;&lt;/Bucket&gt;&lt;Bucket&gt;&lt;Name&gt;test-push-aws-kmskey&lt;/Name&gt;&lt;CreationDate&gt;2021-03-02T09:53:54.000Z&lt;/CreationDate&gt;&lt;/Bucket&gt;&lt;Bucket&gt;&lt;Name&gt;test-push-aws-s3key&lt;/Name&gt;&lt;CreationDate&gt;2021-03-02T09:52:50.000Z&lt;/CreationDate&gt;&lt;/Bucket&gt;&lt;Bucket&gt;&lt;Name&gt;test-push-cmk-kmskey&lt;/Name&gt;&lt;CreationDate&gt;2021-03-02T11:16:06.000Z&lt;/CreationDate&gt;&lt;/Bucket&gt;&lt;Bucket&gt;&lt;Name&gt;test-wne&lt;/Name&gt;&lt;CreationDate&gt;2020-03-15T09:07:38.000Z&lt;/CreationDate&gt;&lt;/Bucket&gt;&lt;Bucket&gt;&lt;Name&gt;test-wne2020-file-distribution&lt;/Name&gt;&lt;CreationDate&gt;2020-03-11T08:19:03.000Z&lt;/CreationDate&gt;&lt;/Bucket&gt;&lt;Bucket&gt;&lt;Name&gt;testservice-dev-serverlessdeploymentbucket-1ebhk4xjcmiup&lt;/Name&gt;&lt;CreationDate&gt;2018-09-30T06:47:10.000Z&lt;/CreationDate&gt;&lt;/Bucket&gt;&lt;Bucket&gt;&lt;Name&gt;thirdparty-batch-data&lt;/Name&gt;&lt;CreationDate&gt;2020-01-15T07:48:10.000Z&lt;/CreationDate&gt;&lt;/Bucket&gt;&lt;Bucket&gt;&lt;Name&gt;thirdpaty-data&lt;/Name&gt;&lt;CreationDate&gt;2019-07-01T09:38:41.000Z&lt;/CreationDate&gt;&lt;/Bucket&gt;&lt;Bucket&gt;&lt;Name&gt;tmp-azakrzewski&lt;/Name&gt;&lt;CreationDate&gt;2021-02-19T12:55:50.000Z&lt;/CreationDate&gt;&lt;/Bucket&gt;&lt;Bucket&gt;&lt;Name&gt;tr-360-embed-test&lt;/Name&gt;&lt;CreationDate&gt;2016-08-12T14:51:08.000Z&lt;/CreationDate&gt;&lt;/Bucket&gt;&lt;Bucket&gt;&lt;Name&gt;tr-360-fingerpost-input&lt;/Name&gt;&lt;CreationDate&gt;2016-07-20T23:25:45.000Z&lt;/CreationDate&gt;&lt;/Bucket&gt;&lt;Bucket&gt;&lt;Name&gt;tr-360-videos-input&lt;/Name&gt;&lt;CreationDate&gt;2016-06-24T23:20:10.000Z&lt;/CreationDate&gt;&lt;/Bucket&gt;&lt;Bucket&gt;&lt;Name&gt;tr-360-videos-stream&lt;/Name&gt;&lt;CreationDate&gt;2016-07-20T19:49:37.000Z&lt;/CreationDate&gt;&lt;/Bucket&gt;&lt;Bucket&gt;&lt;Name&gt;tr-360-videos-telestream-input&lt;/Name&gt;&lt;CreationDate&gt;2016-07-20T18:52:14.000Z&lt;/CreationDate&gt;&lt;/Bucket&gt;&lt;Bucket&gt;&lt;Name&gt;tr-360-videos-to-connect&lt;/Name&gt;&lt;CreationDate&gt;2016-07-22T19:30:14.000Z&lt;/CreationDate&gt;&lt;/Bucket&gt;&lt;Bucket&gt;&lt;Name&gt;tr-actionimages-archive-disc-all&lt;/Name&gt;&lt;CreationDate&gt;2016-10-17T02:05:21.000Z&lt;/CreationDate&gt;&lt;/Bucket&gt;&lt;Bucket&gt;&lt;Name&gt;tr-agency-configuration-dev-us&lt;/Name&gt;&lt;CreationDate&gt;2019-07-29T06:26:47.000Z&lt;/CreationDate&gt;&lt;/Bucket&gt;&lt;Bucket&gt;&lt;Name&gt;tr-agency-configuration-qa-jp&lt;/Name&gt;&lt;CreationDate&gt;2019-10-17T09:58:15.000Z&lt;/CreationDate&gt;&lt;/Bucket&gt;&lt;Bucket&gt;&lt;Name&gt;tr-agency-configuration-qa-us&lt;/Name&gt;&lt;CreationDate&gt;2019-04-12T06:49:33.000Z&lt;/CreationDate&gt;&lt;/Bucket&gt;&lt;Bucket&gt;&lt;Name&gt;tr-agency-configuration-store&lt;/Name&gt;&lt;CreationDate&gt;2018-07-31T06:48:11.000Z&lt;/CreationDate&gt;&lt;/Bucket&gt;&lt;Bucket&gt;&lt;Name&gt;tr-agency-configuration-store-tmp&lt;/Name&gt;&lt;CreationDate&gt;2019-05-28T03:38:30.000Z&lt;/CreationDate&gt;&lt;/Bucket&gt;&lt;Bucket&gt;&lt;Name&gt;tr-agency-content-contribution-dev&lt;/Name&gt;&lt;CreationDate&gt;2019-07-29T07:42:12.000Z&lt;/CreationDate&gt;&lt;/Bucket&gt;&lt;Bucket&gt;&lt;Name&gt;tr-agency-content-contribution-qa&lt;/Name&gt;&lt;CreationDate&gt;2019-09-24T07:04:31.000Z&lt;/CreationDate&gt;&lt;/Bucket&gt;&lt;Bucket&gt;&lt;Name&gt;tr-agency-content-contribution-qa-jp&lt;/Name&gt;&lt;CreationDate&gt;2019-10-17T06:34:36.000Z&lt;/CreationDate&gt;&lt;/Bucket&gt;&lt;Bucket&gt;&lt;Name&gt;tr-agency-db-dump&lt;/Name&gt;&lt;CreationDate&gt;2018-11-30T07:04:38.000Z&lt;/CreationDate&gt;&lt;/Bucket&gt;&lt;Bucket&gt;&lt;Name&gt;tr-agency-election-dev-us-east-1&lt;/Name&gt;&lt;CreationDate&gt;2022-05-24T18:23:10.000Z&lt;/CreationDate&gt;&lt;/Bucket&gt;&lt;Bucket&gt;&lt;Name&gt;tr-agency-election-google-qa-us-east-1&lt;/Name&gt;&lt;CreationDate&gt;2022-07-22T20:24:22.000Z&lt;/CreationDate&gt;&lt;/Bucket&gt;&lt;Bucket&gt;&lt;Name&gt;tr-agency-election-qa-us-east-1&lt;/Name&gt;&lt;CreationDate&gt;2022-06-09T17:30:09.000Z&lt;/CreationDate&gt;&lt;/Bucket&gt;&lt;Bucket&gt;&lt;Name&gt;tr-agency-email-templates-qa&lt;/Name&gt;&lt;CreationDate&gt;2019-01-17T18:43:09.000Z&lt;/CreationDate&gt;&lt;/Bucket&gt;&lt;Bucket&gt;&lt;Name&gt;tr-agency-gpdb-db-dump&lt;/Name&gt;&lt;CreationDate&gt;2018-08-07T02:27:43.000Z&lt;/CreationDate&gt;&lt;/Bucket&gt;&lt;Bucket&gt;&lt;Name&gt;tr-agency-jenkins-archive&lt;/Name&gt;&lt;CreationDate&gt;2019-10-09T03:39:11.000Z&lt;/CreationDate&gt;&lt;/Bucket&gt;&lt;Bucket&gt;&lt;Name&gt;tr-agency-mailer-attachments-qa-eu-west-1&lt;/Name&gt;&lt;CreationDate&gt;2019-02-21T15:19:23.000Z&lt;/CreationDate&gt;&lt;/Bucket&gt;&lt;Bucket&gt;&lt;Name&gt;tr-agency-mailer-attachments-qa-us-east-1&lt;/Name&gt;&lt;CreationDate&gt;2019-02-21T14:34:38.000Z&lt;/CreationDate&gt;&lt;/Bucket&gt;&lt;Bucket&gt;&lt;Name&gt;tr-agency-nonprod-ap-northeast-1-artifact&lt;/Name&gt;&lt;CreationDate&gt;2018-11-10T09:13:52.000Z&lt;/CreationDate&gt;&lt;/Bucket&gt;&lt;Bucket&gt;&lt;Name&gt;tr-agency-nonprod-ap-northeast-1-cfn&lt;/Name&gt;&lt;CreationDate&gt;2018-11-10T09:13:52.000Z&lt;/CreationDate&gt;&lt;/Bucket&gt;&lt;Bucket&gt;&lt;Name&gt;tr-agency-nonprod-ap-northeast-1-pipeline&lt;/Name&gt;&lt;CreationDate&gt;2018-11-10T09:13:52.000Z&lt;/CreationDate&gt;&lt;/Bucket&gt;&lt;Bucket&gt;&lt;Name&gt;tr-agency-nonprod-ap-northeast-1-source&lt;/Name&gt;&lt;CreationDate&gt;2018-11-10T09:13:53.000Z&lt;/CreationDate&gt;&lt;/Bucket&gt;&lt;Bucket&gt;&lt;Name&gt;tr-agency-nonprod-us-east-1-artifact&lt;/Name&gt;&lt;CreationDate&gt;2018-07-11T15:06:07.000Z&lt;/CreationDate&gt;&lt;/Bucket&gt;&lt;Bucket&gt;&lt;Name&gt;tr-agency-nonprod-us-east-1-cfn&lt;/Name&gt;&lt;CreationDate&gt;2018-07-11T15:06:08.000Z&lt;/CreationDate&gt;&lt;/Bucket&gt;&lt;Bucket&gt;&lt;Name&gt;tr-agency-nonprod-us-east-1-pipeline&lt;/Name&gt;&lt;CreationDate&gt;2018-07-11T15:06:08.000Z&lt;/CreationDate&gt;&lt;/Bucket&gt;&lt;Bucket&gt;&lt;Name&gt;tr-agency-nonprod-us-east-1-source&lt;/Name&gt;&lt;CreationDate&gt;2018-07-11T15:06:07.000Z&lt;/CreationDate&gt;&lt;/Bucket&gt;&lt;Bucket&gt;&lt;Name&gt;tr-agency-qa-knowledge&lt;/Name&gt;&lt;CreationDate&gt;2020-03-18T10:03:14.000Z&lt;/CreationDate&gt;&lt;/Bucket&gt;&lt;Bucket&gt;&lt;Name&gt;tr-agency-rcon-db-dump&lt;/Name&gt;&lt;CreationDate&gt;2019-07-17T08:21:55.000Z&lt;/CreationDate&gt;&lt;/Bucket&gt;&lt;Bucket&gt;&lt;Name&gt;tr-agency-rcon-message-store-dev-us&lt;/Name&gt;&lt;CreationDate&gt;2019-07-26T03:47:14.000Z&lt;/CreationDate&gt;&lt;/Bucket&gt;&lt;Bucket&gt;&lt;Name&gt;tr-agency-rcon-message-store-qa-jp&lt;/Name&gt;&lt;CreationDate&gt;2019-10-14T06:52:36.000Z&lt;/CreationDate&gt;&lt;/Bucket&gt;&lt;Bucket&gt;&lt;Name&gt;tr-agency-rcon-message-store-qa-us&lt;/Name&gt;&lt;CreationDate&gt;2019-07-29T05:22:03.000Z&lt;/CreationDate&gt;&lt;/Bucket&gt;&lt;Bucket&gt;&lt;Name&gt;tr-agency-reporting-data-backup-dev&lt;/Name&gt;&lt;CreationDate&gt;2021-10-17T22:05:05.000Z&lt;/CreationDate&gt;&lt;/Bucket&gt;&lt;Bucket&gt;&lt;Name&gt;tr-agency-reporting-data-hive-dev&lt;/Name&gt;&lt;CreationDate&gt;2021-10-17T22:04:44.000Z&lt;/CreationDate&gt;&lt;/Bucket&gt;&lt;Bucket&gt;&lt;Name&gt;tr-agency-reporting-data-qa&lt;/Name&gt;&lt;CreationDate&gt;2017-02-16T21:27:28.000Z&lt;/CreationDate&gt;&lt;/Bucket&gt;&lt;Bucket&gt;&lt;Name&gt;tr-agency-reporting-data-staging-dev&lt;/Name&gt;&lt;CreationDate&gt;2021-10-17T22:04:21.000Z&lt;/CreationDate&gt;&lt;/Bucket&gt;&lt;Bucket&gt;&lt;Name&gt;tr-agency-reporting-partners-staging-dev&lt;/Name&gt;&lt;CreationDate&gt;2021-10-17T22:05:35.000Z&lt;/CreationDate&gt;&lt;/Bucket&gt;&lt;Bucket&gt;&lt;Name&gt;tr-broadcast-video-us&lt;/Name&gt;&lt;CreationDate&gt;2015-01-15T18:21:42.000Z&lt;/CreationDate&gt;&lt;/Bucket&gt;&lt;Bucket&gt;&lt;Name&gt;tr-cloudformation-artifacts&lt;/Name&gt;&lt;CreationDate&gt;2017-09-26T02:56:41.000Z&lt;/CreationDate&gt;&lt;/Bucket&gt;&lt;Bucket&gt;&lt;Name&gt;tr-cloudformation-artifacts-nonprod&lt;/Name&gt;&lt;CreationDate&gt;2018-10-17T18:38:37.000Z&lt;/CreationDate&gt;&lt;/Bucket&gt;&lt;Bucket&gt;&lt;Name&gt;tr-cloudformation-artifacts-noprod&lt;/Name&gt;&lt;CreationDate&gt;2020-04-14T14:45:10.000Z&lt;/CreationDate&gt;&lt;/Bucket&gt;&lt;Bucket&gt;&lt;Name&gt;tr-cloudformation-artifacts-pro&lt;/Name&gt;&lt;CreationDate&gt;2020-04-14T13:42:56.000Z&lt;/CreationDate&gt;&lt;/Bucket&gt;&lt;Bucket&gt;&lt;Name&gt;tr-codepipeline-source&lt;/Name&gt;&lt;CreationDate&gt;2018-08-17T14:02:58.000Z&lt;/CreationDate&gt;&lt;/Bucket&gt;&lt;Bucket&gt;&lt;Name&gt;tr-content-alerts-test&lt;/Name&gt;&lt;CreationDate&gt;2017-05-12T18:53:49.000Z&lt;/CreationDate&gt;&lt;/Bucket&gt;&lt;Bucket&gt;&lt;Name&gt;tr-content-archive-batch-process&lt;/Name&gt;&lt;CreationDate&gt;2020-06-15T15:15:38.000Z&lt;/CreationDate&gt;&lt;/Bucket&gt;&lt;Bucket&gt;&lt;Name&gt;tr-content-archive-binary-us-qa&lt;/Name&gt;&lt;CreationDate&gt;2015-02-04T08:26:54.000Z&lt;/CreationDate&gt;&lt;/Bucket&gt;&lt;Bucket&gt;&lt;Name&gt;tr-content-archive-jp-dev&lt;/Name&gt;&lt;CreationDate&gt;2019-07-18T07:30:32.000Z&lt;/CreationDate&gt;&lt;/Bucket&gt;&lt;Bucket&gt;&lt;Name&gt;tr-content-archive-jp-qa-a
[...]
<msg timestamp="20220725 18:40:03.993" level="DEBUG">Event choose-signer.s3.ListObjects: calling handler &lt;function set_operation_specific_signer at 0x000001BDA1C5F0A0&gt;</msg>
<msg timestamp="20220725 18:40:03.993" level="DEBUG">Event before-sign.s3.ListObjects: calling handler &lt;bound method S3EndpointSetter.set_endpoint of &lt;botocore.utils.S3EndpointSetter object at 0x000001BDA2A1ED70&gt;&gt;</msg>
<msg timestamp="20220725 18:40:03.993" level="DEBUG">Defaulting to S3 virtual host style addressing with path style addressing fallback.</msg>
<msg timestamp="20220725 18:40:03.993" level="DEBUG">Checking for DNS compatible bucket for: https://s3.amazonaws.com/firstpythonbucket3ddbd7da-1521-460f-b9ae-17061054463d?encoding-type=url</msg>
<msg timestamp="20220725 18:40:03.993" level="DEBUG">URI updated to: https://firstpythonbucket3ddbd7da-1521-460f-b9ae-17061054463d.s3.amazonaws.com/?encoding-type=url</msg>
<msg timestamp="20220725 18:40:03.994" level="DEBUG">Calculating signature using v4 auth.</msg>
<msg timestamp="20220725 18:40:03.994" level="DEBUG">CanonicalRequest:
GET
/
encoding-type=url
host:firstpythonbucket3ddbd7da-1521-460f-b9ae-17061054463d.s3.amazonaws.com
x-amz-content-sha256:e3b0c44298fc1c149afbf4c8996fb92427ae41e4649b934ca495991b7852b855
x-amz-date:20220725T131003Z

host;x-amz-content-sha256;x-amz-date
e3b0c44298fc1c149afbf4c8996fb92427ae41e4649b934ca495991b7852b855</msg>
<msg timestamp="20220725 18:40:03.994" level="DEBUG">StringToSign:
AWS4-HMAC-SHA256
20220725T131003Z
20220725/us-east-1/s3/aws4_request
a4f26a2e5f482d6d58373aacee19e9362121e1ab55a04137fcd152ce5b28e274</msg>
<msg timestamp="20220725 18:40:03.994" level="DEBUG">Signature:
a5345cb09d841bf06e233ede192da60ffa6aa1182fe8ebaf7858fd7984e2f039</msg>
<msg timestamp="20220725 18:40:03.994" level="DEBUG">Event request-created.s3.ListObjects: calling handler &lt;function add_retry_headers at 0x000001BDA1C7D120&gt;</msg>
<msg timestamp="20220725 18:40:03.995" level="DEBUG">Sending http request: &lt;AWSPreparedRequest stream_output=False, method=GET, url=https://firstpythonbucket3ddbd7da-1521-460f-b9ae-17061054463d.s3.amazonaws.com/?encoding-type=url, headers={'User-Agent': b'Boto3/1.24.30 Python/3.10.5 Windows/10 Botocore/1.27.30 Resource', 'X-Amz-Date': b'20220725T131003Z', 'X-Amz-Content-SHA256': b'e3b0c44298fc1c149afbf4c8996fb92427ae41e4649b934ca495991b7852b855', 'Authorization': b'AWS4-HMAC-SHA256 Credential=AKIAYBEGMMG4N2G64Q5E/20220725/us-east-1/s3/aws4_request, SignedHeaders=host;x-amz-content-sha256;x-amz-date, Signature=a5345cb09d841bf06e233ede192da60ffa6aa1182fe8ebaf7858fd7984e2f039', 'amz-sdk-invocation-id': b'a36a6718-5e9e-4bbb-80fe-46ace93530bb', 'amz-sdk-request': b'attempt=1'}&gt;</msg>
<msg timestamp="20220725 18:40:03.995" level="DEBUG">Certificate path: C:\Users\C287866\PycharmProjects\Demoproject\venv\lib\site-packages\certifi\cacert.pem</msg>
<msg timestamp="20220725 18:40:03.995" level="DEBUG">Starting new HTTPS connection (1): firstpythonbucket3ddbd7da-1521-460f-b9ae-17061054463d.s3.amazonaws.com:443</msg>
<msg timestamp="20220725 18:40:04.255" level="DEBUG">https://firstpythonbucket3ddbd7da-1521-460f-b9ae-17061054463d.s3.amazonaws.com:443 "GET /?encoding-type=url HTTP/1.1" 200 None</msg>
<msg timestamp="20220725 18:40:04.256" level="DEBUG">Response headers: {'x-amz-id-2': '+6LeUfAtkx3Wn/FvZ4fOIeIfjcNKzBhlnVQJ0RD/Fgy01EIEjeNBhgnbPEpcYxw/87KwygGmo84=', 'x-amz-request-id': '4XMJ9QMRS88J3S2N', 'Date': 'Mon, 25 Jul 2022 13:10:05 GMT', 'x-amz-bucket-region': 'us-east-1', 'Content-Type': 'application/xml', 'Transfer-Encoding': 'chunked', 'Server': 'AmazonS3'}</msg>
<msg timestamp="20220725 18:40:04.257" level="DEBUG">Response body:
b'&lt;?xml version="1.0" encoding="UTF-8"?&gt;\n&lt;ListBucketResult xmlns="http://s3.amazonaws.com/doc/2006-03-01/"&gt;&lt;Name&gt;firstpythonbucket3ddbd7da-1521-460f-b9ae-17061054463d&lt;/Name&gt;&lt;Prefix&gt;&lt;/Prefix&gt;&lt;Marker&gt;&lt;/Marker&gt;&lt;MaxKeys&gt;1000&lt;/MaxKeys&gt;&lt;EncodingType&gt;url&lt;/EncodingType&gt;&lt;IsTruncated&gt;false&lt;/IsTruncated&gt;&lt;Contents&gt;&lt;Key&gt;Hello.txt&lt;/Key&gt;&lt;LastModified&gt;2022-07-22T06:57:51.000Z&lt;/LastModified&gt;&lt;ETag&gt;&amp;quot;47ee213512c14745bf4cd3359851f89b&amp;quot;&lt;/ETag&gt;&lt;Size&gt;23&lt;/Size&gt;&lt;Owner&gt;&lt;ID&gt;818f385c84598f9c06051ddd13327bf1b909d262016b5d1a5dfb941715179dd2&lt;/ID&gt;&lt;DisplayName&gt;tr-aws-sub216&lt;/DisplayName&gt;&lt;/Owner&gt;&lt;StorageClass&gt;STANDARD&lt;/StorageClass&gt;&lt;/Contents&gt;&lt;Contents&gt;&lt;Key&gt;pictures%5COIP.jfif&lt;/Key&gt;&lt;LastModified&gt;2022-07-18T09:11:09.000Z&lt;/LastModified&gt;&lt;ETag&gt;&amp;quot;1cb281b8e19435c93c81a61a2f2f960f&amp;quot;&lt;/ETag&gt;&lt;Size&gt;25571&lt;/Size&gt;&lt;Owner&gt;&lt;ID&gt;818f385c84598f9c06051ddd13327bf1b909d262016b5d1a5dfb941715179dd2&lt;/ID&gt;&lt;DisplayName&gt;tr-aws-sub216&lt;/DisplayName&gt;&lt;/Owner&gt;&lt;StorageClass&gt;STANDARD&lt;/StorageClass&gt;&lt;/Contents&gt;&lt;Contents&gt;&lt;Key&gt;pictures%5Clion_wallpaper.jpg&lt;/Key&gt;&lt;LastModified&gt;2022-07-18T09:11:08.000Z&lt;/LastModified&gt;&lt;ETag&gt;&amp;quot;d9259664efc9d3686c2143e118e74cc7&amp;quot;&lt;/ETag&gt;&lt;Size&gt;745613&lt;/Size&gt;&lt;Owner&gt;&lt;ID&gt;818f385c84598f9c06051ddd13327bf1b909d262016b5d1a5dfb941715179dd2&lt;/ID&gt;&lt;DisplayName&gt;tr-aws-sub216&lt;/DisplayName&gt;&lt;/Owner&gt;&lt;StorageClass&gt;STANDARD&lt;/StorageClass&gt;&lt;/Contents&gt;&lt;Contents&gt;&lt;Key&gt;pictures%5Cukraine-city.jpg&lt;/Key&gt;&lt;LastModified&gt;2022-07-18T09:11:09.000Z&lt;/LastModified&gt;&lt;ETag&gt;&amp;quot;84546bd128b20a2951e33c5d0c26c9a1&amp;quot;&lt;/ETag&gt;&lt;Size&gt;115453&lt;/Size&gt;&lt;Owner&gt;&lt;ID&gt;818f385c84598f9c06051ddd13327bf1b909d262016b5d1a5dfb941715179dd2&lt;/ID&gt;&lt;DisplayName&gt;tr-aws-sub216&lt;/DisplayName&gt;&lt;/Owner&gt;&lt;StorageClass&gt;STANDARD&lt;/StorageClass&gt;&lt;/Contents&gt;&lt;/ListBucketResult&gt;'</msg>
<msg timestamp="20220725 18:40:04.259" level="DEBUG">Event needs-retry.s3.ListObjects: calling handler &lt;botocore.retryhandler.RetryHandler object at 0x000001BDA2A1EBC0&gt;</msg>
<msg timestamp="20220725 18:40:04.259" level="DEBUG">No retry needed.</msg>
<msg timestamp="20220725 18:40:04.259" level="DEBUG">Event needs-retry.s3.ListObjects: calling handler &lt;bound method S3RegionRedirector.redirect_from_error of &lt;botocore.utils.S3RegionRedirector object at 0x000001BDA2A1EC80&gt;&gt;</msg>
<msg timestamp="20220725 18:40:04.259" level="DEBUG">Event after-call.s3.ListObjects: calling handler &lt;function decode_list_object at 0x000001BDA1C7C700&gt;</msg>
<msg timestamp="20220725 18:40:04.260" level="DEBUG">Loading s3:ObjectSummary</msg>
<msg timestamp="20220725 18:40:04.260" level="DEBUG">Renaming ObjectSummary attribute key</msg>
<msg timestamp="20220725 18:40:04.261" level="DEBUG">Event creating-resource-class.s3.ObjectSummary: calling handler &lt;function lazy_call.&lt;locals&gt;._handler at 0x000001BDA2545E10&gt;</msg>
<msg timestamp="20220725 18:40:04.262" level="DEBUG">Acquiring 0</msg>
<msg timestamp="20220725 18:40:04.525" level="DEBUG">Acquiring 0</msg>
<msg timestamp="20220725 18:40:04.658" level="DEBUG">Acquiring 0</msg>
<msg timestamp="20220725 18:40:04.829" level="DEBUG">Acquiring 0</msg>
<msg timestamp="20220725 18:40:04.985" level="INFO">Start downloding
['Hello.txt', 'pictures\\OIP.jfif', 'pictures\\lion_wallpaper.jpg', 'pictures\\ukraine-city.jpg']</msg>
<msg timestamp="20220725 18:40:04.986" level="TRACE">Return: True</msg>
<msg timestamp="20220725 18:40:04.986" level="INFO">${is_downloaded} = True</msg>
<status status="PASS" starttime="20220725 18:40:03.835" endtime="20220725 18:40:04.986"/>
</kw>
<kw name="Should Be True" library="BuiltIn">
<arg>${is_downloaded}</arg>
<doc>Fails if the given condition is not true.</doc>
<msg timestamp="20220725 18:40:04.987" level="TRACE">Arguments: [ True ]</msg>
<msg timestamp="20220725 18:40:04.987" level="TRACE">Return: None</msg>
<status status="PASS" starttime="20220725 18:40:04.987" endtime="20220725 18:40:04.987"/>
</kw>
<status status="PASS" starttime="20220725 18:40:03.834" endtime="20220725 18:40:04.988"/>
</test>
<test id="s1-t3" name="TestCheckFilePresent" line="20">
<kw name="Upload file to S3">
<arg>${file_name}</arg>
<arg>${bucket}</arg>
<msg timestamp="20220725 18:40:04.992" level="TRACE">Arguments: [ ${file_name}='Hello.txt' | ${bucket}='firstpythonbucket3ddbd7da-1521-460f-b9ae-17061054463d' ]</msg>
<kw name="Upload Files" library="Boto3_s3_configuration">
<arg>${file_name}</arg>
<arg>${bucket}</arg>
<msg timestamp="20220725 18:40:04.993" level="TRACE">Arguments: [ 'Hello.txt' | 'firstpythonbucket3ddbd7da-1521-460f-b9ae-17061054463d' ]</msg>
<msg timestamp="20220725 18:40:04.994" level="DEBUG">Acquiring 0</msg>
<msg timestamp="20220725 18:40:05.053" level="INFO">None</msg>
<msg timestamp="20220725 18:40:05.053" level="TRACE">Return: None</msg>
<status status="PASS" starttime="20220725 18:40:04.993" endtime="20220725 18:40:05.053"/>
</kw>
<msg timestamp="20220725 18:40:05.054" level="TRACE">Return: None</msg>
<status status="PASS" starttime="20220725 18:40:04.991" endtime="20220725 18:40:05.054"/>
</kw>
<kw name="Check File Uploaded" library="Boto3_s3_configuration">
<var>${is_uploaded}</var>
<msg timestamp="20220725 18:40:05.055" level="TRACE">Arguments: [  ]</msg>
<msg timestamp="20220725 18:40:05.055" level="DEBUG">Event before-parameter-build.s3.ListObjectsV2: calling handler &lt;function set_list_objects_encoding_type_url at 0x000001BDA1C7C670&gt;</msg>
<msg timestamp="20220725 18:40:05.056" level="DEBUG">Event before-parameter-build.s3.ListObjectsV2: calling handler &lt;function validate_bucket_name at 0x000001BDA1C5F370&gt;</msg>
<msg timestamp="20220725 18:40:05.056" level="DEBUG">Event before-parameter-build.s3.ListObjectsV2: calling handler &lt;bound method S3RegionRedirector.redirect_from_cache of &lt;botocore.utils.S3RegionRedirector object at 0x000001BDA2D33D30&gt;&gt;</msg>
<msg timestamp="20220725 18:40:05.056" level="DEBUG">Event before-parameter-build.s3.ListObjectsV2: calling handler &lt;bound method S3ArnParamHandler.handle_arn of &lt;botocore.utils.S3ArnParamHandler object at 0x000001BDA2D33D00&gt;&gt;</msg>
<msg timestamp="20220725 18:40:05.056" level="DEBUG">Event before-parameter-build.s3.ListObjectsV2: calling handler &lt;function generate_idempotent_uuid at 0x000001BDA1C5F1C0&gt;</msg>
<msg timestamp="20220725 18:40:05.057" level="DEBUG">Event before-call.s3.ListObjectsV2: calling handler &lt;function add_expect_header at 0x000001BDA1C5F6D0&gt;</msg>
<msg timestamp="20220725 18:40:05.057" level="DEBUG">Event before-call.s3.ListObjectsV2: calling handler &lt;bound method S3RegionRedirector.set_request_url of &lt;botocore.utils.S3RegionRedirector object at 0x000001BDA2D33D30&gt;&gt;</msg>
<msg timestamp="20220725 18:40:05.057" level="DEBUG">Event before-call.s3.ListObjectsV2: calling handler &lt;function add_recursion_detection_header at 0x000001BDA1C5EE60&gt;</msg>
<msg timestamp="20220725 18:40:05.057" level="DEBUG">Event before-call.s3.ListObjectsV2: calling handler &lt;function inject_api_version_header_if_needed at 0x000001BDA1C7CA60&gt;</msg>
<msg timestamp="20220725 18:40:05.057" level="DEBUG">Making request for OperationModel(name=ListObjectsV2) with params: {'url_path': '/firstpythonbucket3ddbd7da-1521-460f-b9ae-17061054463d?list-type=2', 'query_string': {'encoding-type': 'url'}, 'method': 'GET', 'headers': {'User-Agent': 'Boto3/1.24.30 Python/3.10.5 Windows/10 Botocore/1.27.30'}, 'body': b'', 'url': 'https://s3.amazonaws.com/firstpythonbucket3ddbd7da-1521-460f-b9ae-17061054463d?list-type=2&amp;encoding-type=url', 'context': {'client_region': 'us-east-1', 'client_config': &lt;botocore.config.Config object at 0x000001BDA2D33280&gt;, 'has_streaming_input': False, 'auth_type': None, 'encoding_type_auto_set': True, 'signing': {'bucket': 'firstpythonbucket3ddbd7da-1521-460f-b9ae-17061054463d'}}}</msg>
<msg timestamp="20220725 18:40:05.057" level="DEBUG">Event request-created.s3.ListObjectsV2: calling handler &lt;function signal_not_transferring at 0x000001BDA29D1000&gt;</msg>
<msg timestamp="20220725 18:40:05.057" level="DEBUG">Event request-created.s3.ListObjectsV2: calling handler &lt;bound method RequestSigner.handler of &lt;botocore.signers.RequestSigner object at 0x000001BDA2D331F0&gt;&gt;</msg>
<msg timestamp="20220725 18:40:05.058" level="DEBUG">Event choose-signer.s3.ListObjectsV2: calling handler &lt;bound method S3EndpointSetter.set_signer of &lt;botocore.utils.S3EndpointSetter object at 0x000001BDA2D33E20&gt;&gt;</msg>
<msg timestamp="20220725 18:40:05.058" level="DEBUG">Event choose-signer.s3.ListObjectsV2: calling handler &lt;bound method ClientCreator._default_s3_presign_to_sigv2 of &lt;botocore.client.ClientCreator object at 0x000001BDA2D15510&gt;&gt;</msg>
<msg timestamp="20220725 18:40:05.058" level="DEBUG">Event choose-signer.s3.ListObjectsV2: calling handler &lt;function set_operation_specific_signer at 0x000001BDA1C5F0A0&gt;</msg>
<msg timestamp="20220725 18:40:05.058" level="DEBUG">Event before-sign.s3.ListObjectsV2: calling handler &lt;bound method S3EndpointSetter.set_endpoint of &lt;botocore.utils.S3EndpointSetter object at 0x000001BDA2D33E20&gt;&gt;</msg>
<msg timestamp="20220725 18:40:05.058" level="DEBUG">Checking for DNS compatible bucket for: https://s3.amazonaws.com/firstpythonbucket3ddbd7da-1521-460f-b9ae-17061054463d?list-type=2&amp;encoding-type=url</msg>
<msg timestamp="20220725 18:40:05.058" level="DEBUG">URI updated to: https://firstpythonbucket3ddbd7da-1521-460f-b9ae-17061054463d.s3.amazonaws.com/?list-type=2&amp;encoding-type=url</msg>
<msg timestamp="20220725 18:40:05.058" level="DEBUG">Calculating signature using v4 auth.</msg>
<msg timestamp="20220725 18:40:05.058" level="DEBUG">CanonicalRequest:
GET
/
encoding-type=url&amp;list-type=2
host:firstpythonbucket3ddbd7da-1521-460f-b9ae-17061054463d.s3.amazonaws.com
x-amz-content-sha256:e3b0c44298fc1c149afbf4c8996fb92427ae41e4649b934ca495991b7852b855
x-amz-date:20220725T131005Z

host;x-amz-content-sha256;x-amz-date
e3b0c44298fc1c149afbf4c8996fb92427ae41e4649b934ca495991b7852b855</msg>
<msg timestamp="20220725 18:40:05.058" level="DEBUG">StringToSign:
AWS4-HMAC-SHA256
20220725T131005Z
20220725/us-east-1/s3/aws4_request
087fe18239f82de8d1e9a9cb8bc3e7d88ddf36ca32b321389210677f6485651a</msg>
<msg timestamp="20220725 18:40:05.059" level="DEBUG">Signature:
ccd454287cb7cc02686199bfdc9b8514cfa9086bb2a165eb1af8a23de8988013</msg>
<msg timestamp="20220725 18:40:05.059" level="DEBUG">Event request-created.s3.ListObjectsV2: calling handler &lt;function signal_transferring at 0x000001BDA29D1090&gt;</msg>
<msg timestamp="20220725 18:40:05.059" level="DEBUG">Event request-created.s3.ListObjectsV2: calling handler &lt;function add_retry_headers at 0x000001BDA1C7D120&gt;</msg>
<msg timestamp="20220725 18:40:05.059" level="DEBUG">Sending http request: &lt;AWSPreparedRequest stream_output=False, method=GET, url=https://firstpythonbucket3ddbd7da-1521-460f-b9ae-17061054463d.s3.amazonaws.com/?list-type=2&amp;encoding-type=url, headers={'User-Agent': b'Boto3/1.24.30 Python/3.10.5 Windows/10 Botocore/1.27.30', 'X-Amz-Date': b'20220725T131005Z', 'X-Amz-Content-SHA256': b'e3b0c44298fc1c149afbf4c8996fb92427ae41e4649b934ca495991b7852b855', 'Authorization': b'AWS4-HMAC-SHA256 Credential=AKIAYBEGMMG4N2G64Q5E/20220725/us-east-1/s3/aws4_request, SignedHeaders=host;x-amz-content-sha256;x-amz-date, Signature=ccd454287cb7cc02686199bfdc9b8514cfa9086bb2a165eb1af8a23de8988013', 'amz-sdk-invocation-id': b'ae639465-5d3f-4959-b97e-455f40e12fe5', 'amz-sdk-request': b'attempt=1'}&gt;</msg>
<msg timestamp="20220725 18:40:05.059" level="DEBUG">Certificate path: C:\Users\C287866\PycharmProjects\Demoproject\venv\lib\site-packages\certifi\cacert.pem</msg>
<msg timestamp="20220725 18:40:05.208" level="DEBUG">https://firstpythonbucket3ddbd7da-1521-460f-b9ae-17061054463d.s3.amazonaws.com:443 "GET /?list-type=2&amp;encoding-type=url HTTP/1.1" 200 None</msg>
<msg timestamp="20220725 18:40:05.212" level="DEBUG">Response headers: {'x-amz-id-2': 'WwhDpKgxAGmarYNmvdpSQ3zuowlGk9NuFBjhKQf0vXdVVyPjdUX8WI0LSbrG5is8TmWraSYefzA=', 'x-amz-request-id': 'W9KFJXDMW2PNVVCD', 'Date': 'Mon, 25 Jul 2022 13:10:06 GMT', 'x-amz-bucket-region': 'us-east-1', 'Content-Type': 'application/xml', 'Transfer-Encoding': 'chunked', 'Server': 'AmazonS3'}</msg>
<msg timestamp="20220725 18:40:05.212" level="DEBUG">Response body:
b'&lt;?xml version="1.0" encoding="UTF-8"?&gt;\n&lt;ListBucketResult xmlns="http://s3.amazonaws.com/doc/2006-03-01/"&gt;&lt;Name&gt;firstpythonbucket3ddbd7da-1521-460f-b9ae-17061054463d&lt;/Name&gt;&lt;Prefix&gt;&lt;/Prefix&gt;&lt;KeyCount&gt;4&lt;/KeyCount&gt;&lt;MaxKeys&gt;1000&lt;/MaxKeys&gt;&lt;EncodingType&gt;url&lt;/EncodingType&gt;&lt;IsTruncated&gt;false&lt;/IsTruncated&gt;&lt;Contents&gt;&lt;Key&gt;Hello.txt&lt;/Key&gt;&lt;LastModified&gt;2022-07-25T13:10:06.000Z&lt;/LastModified&gt;&lt;ETag&gt;&amp;quot;47ee213512c14745bf4cd3359851f89b&amp;quot;&lt;/ETag&gt;&lt;Size&gt;23&lt;/Size&gt;&lt;StorageClass&gt;STANDARD&lt;/StorageClass&gt;&lt;/Contents&gt;&lt;Contents&gt;&lt;Key&gt;pictures%5COIP.jfif&lt;/Key&gt;&lt;LastModified&gt;2022-07-18T09:11:09.000Z&lt;/LastModified&gt;&lt;ETag&gt;&amp;quot;1cb281b8e19435c93c81a61a2f2f960f&amp;quot;&lt;/ETag&gt;&lt;Size&gt;25571&lt;/Size&gt;&lt;StorageClass&gt;STANDARD&lt;/StorageClass&gt;&lt;/Contents&gt;&lt;Contents&gt;&lt;Key&gt;pictures%5Clion_wallpaper.jpg&lt;/Key&gt;&lt;LastModified&gt;2022-07-18T09:11:08.000Z&lt;/LastModified&gt;&lt;ETag&gt;&amp;quot;d9259664efc9d3686c2143e118e74cc7&amp;quot;&lt;/ETag&gt;&lt;Size&gt;745613&lt;/Size&gt;&lt;StorageClass&gt;STANDARD&lt;/StorageClass&gt;&lt;/Contents&gt;&lt;Contents&gt;&lt;Key&gt;pictures%5Cukraine-city.jpg&lt;/Key&gt;&lt;LastModified&gt;2022-07-18T09:11:09.000Z&lt;/LastModified&gt;&lt;ETag&gt;&amp;quot;84546bd128b20a2951e33c5d0c26c9a1&amp;quot;&lt;/ETag&gt;&lt;Size&gt;115453&lt;/Size&gt;&lt;StorageClass&gt;STANDARD&lt;/StorageClass&gt;&lt;/Contents&gt;&lt;/ListBucketResult&gt;'</msg>
<msg timestamp="20220725 18:40:05.214" level="DEBUG">Event needs-retry.s3.ListObjectsV2: calling handler &lt;botocore.retryhandler.RetryHandler object at 0x000001BDA2D33C70&gt;</msg>
<msg timestamp="20220725 18:40:05.214" level="DEBUG">No retry needed.</msg>
<msg timestamp="20220725 18:40:05.214" level="DEBUG">Event needs-retry.s3.ListObjectsV2: calling handler &lt;bound method S3RegionRedirector.redirect_from_error of &lt;botocore.utils.S3RegionRedirector object at 0x000001BDA2D33D30&gt;&gt;</msg>
<msg timestamp="20220725 18:40:05.214" level="DEBUG">Event after-call.s3.ListObjectsV2: calling handler &lt;function decode_list_object_v2 at 0x000001BDA1C7C790&gt;</msg>
<msg timestamp="20220725 18:40:05.214" level="INFO">['Hello.txt', 'pictures\\OIP.jfif', 'pictures\\lion_wallpaper.jpg', 'pictures\\ukraine-city.jpg']</msg>
<msg timestamp="20220725 18:40:05.214" level="TRACE">Return: True</msg>
<msg timestamp="20220725 18:40:05.214" level="INFO">${is_uploaded} = True</msg>
<status status="PASS" starttime="20220725 18:40:05.055" endtime="20220725 18:40:05.215"/>
</kw>
<kw name="Should Be True" library="BuiltIn">
<arg>${is_uploaded}</arg>
<doc>Fails if the given condition is not true.</doc>
<msg timestamp="20220725 18:40:05.216" level="TRACE">Arguments: [ True ]</msg>
<msg timestamp="20220725 18:40:05.216" level="TRACE">Return: None</msg>
<status status="PASS" starttime="20220725 18:40:05.215" endtime="20220725 18:40:05.216"/>
</kw>
<status status="PASS" starttime="20220725 18:40:04.990" endtime="20220725 18:40:05.216"/>
</test>
<status status="PASS" starttime="20220725 18:40:01.461" endtime="20220725 18:40:05.218"/>
</suite>
<statistics>
<total>
<stat pass="3" fail="0" skip="0">All Tests</stat>
</total>
<tag>
</tag>
<suite>
<stat pass="3" fail="0" skip="0" id="s1" name="TC01">TC01</stat>
</suite>
</statistics>
<errors>
</errors>
</robot>
